CRITICAL - 2021-05-17 00:10:09 --> Undefined variable $k
#0 C:\xampp\htdocs\pilotgamingindo\app\Views\dashboard\pengguna.php(46): CodeIgniter\Debug\Exceptions->errorHandler(2, 'Undefined varia...', 'C:\\xampp\\htdocs...', 46)
#1 C:\xampp\htdocs\pilotgamingindo\system\View\View.php(220): include('C:\\xampp\\htdocs...')
#2 C:\xampp\htdocs\pilotgamingindo\system\View\View.php(222): CodeIgniter\View\View->CodeIgniter\View\{closure}()
#3 C:\xampp\htdocs\pilotgamingindo\system\Common.php(1217): CodeIgniter\View\View->render('dashboard/pengg...', Array, true)
#4 C:\xampp\htdocs\pilotgamingindo\app\Controllers\Home.php(27): view('dashboard/pengg...')
#5 C:\xampp\htdocs\pilotgamingindo\system\CodeIgniter.php(936): App\Controllers\Home->pengguna()
#6 C:\xampp\htdocs\pilotgamingindo\system\CodeIgniter.php(432): CodeIgniter\CodeIgniter->runController(Object(App\Controllers\Home))
#7 C:\xampp\htdocs\pilotgamingindo\system\CodeIgniter.php(333): CodeIgniter\CodeIgniter->handleRequest(NULL, Object(Config\Cache), false)
#8 C:\xampp\htdocs\pilotgamingindo\public\index.php(44): CodeIgniter\CodeIgniter->run()
#9 C:\xampp\htdocs\pilotgamingindo\system\Commands\Server\rewrite.php(45): require_once('C:\\xampp\\htdocs...')
#10 {main}
CRITICAL - 2021-05-17 00:10:59 --> Undefined variable $user
#0 C:\xampp\htdocs\pilotgamingindo\app\Views\dashboard\pengguna.php(45): CodeIgniter\Debug\Exceptions->errorHandler(2, 'Undefined varia...', 'C:\\xampp\\htdocs...', 45)
#1 C:\xampp\htdocs\pilotgamingindo\system\View\View.php(220): include('C:\\xampp\\htdocs...')
#2 C:\xampp\htdocs\pilotgamingindo\system\View\View.php(222): CodeIgniter\View\View->CodeIgniter\View\{closure}()
#3 C:\xampp\htdocs\pilotgamingindo\system\Common.php(1217): CodeIgniter\View\View->render('dashboard/pengg...', Array, true)
#4 C:\xampp\htdocs\pilotgamingindo\app\Controllers\Home.php(27): view('dashboard/pengg...')
#5 C:\xampp\htdocs\pilotgamingindo\system\CodeIgniter.php(936): App\Controllers\Home->pengguna()
#6 C:\xampp\htdocs\pilotgamingindo\system\CodeIgniter.php(432): CodeIgniter\CodeIgniter->runController(Object(App\Controllers\Home))
#7 C:\xampp\htdocs\pilotgamingindo\system\CodeIgniter.php(333): CodeIgniter\CodeIgniter->handleRequest(NULL, Object(Config\Cache), false)
#8 C:\xampp\htdocs\pilotgamingindo\public\index.php(44): CodeIgniter\CodeIgniter->run()
#9 C:\xampp\htdocs\pilotgamingindo\system\Commands\Server\rewrite.php(45): require_once('C:\\xampp\\htdocs...')
#10 {main}
CRITICAL - 2021-05-17 00:13:20 --> Undefined variable $user
#0 C:\xampp\htdocs\pilotgamingindo\app\Views\dashboard\pengguna.php(45): CodeIgniter\Debug\Exceptions->errorHandler(2, 'Undefined varia...', 'C:\\xampp\\htdocs...', 45)
#1 C:\xampp\htdocs\pilotgamingindo\system\View\View.php(220): include('C:\\xampp\\htdocs...')
#2 C:\xampp\htdocs\pilotgamingindo\system\View\View.php(222): CodeIgniter\View\View->CodeIgniter\View\{closure}()
#3 C:\xampp\htdocs\pilotgamingindo\system\Common.php(1217): CodeIgniter\View\View->render('dashboard/pengg...', Array, true)
#4 C:\xampp\htdocs\pilotgamingindo\app\Controllers\Home.php(44): view('dashboard/pengg...')
#5 C:\xampp\htdocs\pilotgamingindo\system\CodeIgniter.php(936): App\Controllers\Home->pengguna()
#6 C:\xampp\htdocs\pilotgamingindo\system\CodeIgniter.php(432): CodeIgniter\CodeIgniter->runController(Object(App\Controllers\Home))
#7 C:\xampp\htdocs\pilotgamingindo\system\CodeIgniter.php(333): CodeIgniter\CodeIgniter->handleRequest(NULL, Object(Config\Cache), false)
#8 C:\xampp\htdocs\pilotgamingindo\public\index.php(44): CodeIgniter\CodeIgniter->run()
#9 C:\xampp\htdocs\pilotgamingindo\system\Commands\Server\rewrite.php(45): require_once('C:\\xampp\\htdocs...')
#10 {main}
CRITICAL - 2021-05-17 00:13:22 --> Undefined variable $user
#0 C:\xampp\htdocs\pilotgamingindo\app\Views\dashboard\pengguna.php(45): CodeIgniter\Debug\Exceptions->errorHandler(2, 'Undefined varia...', 'C:\\xampp\\htdocs...', 45)
#1 C:\xampp\htdocs\pilotgamingindo\system\View\View.php(220): include('C:\\xampp\\htdocs...')
#2 C:\xampp\htdocs\pilotgamingindo\system\View\View.php(222): CodeIgniter\View\View->CodeIgniter\View\{closure}()
#3 C:\xampp\htdocs\pilotgamingindo\system\Common.php(1217): CodeIgniter\View\View->render('dashboard/pengg...', Array, true)
#4 C:\xampp\htdocs\pilotgamingindo\app\Controllers\Home.php(44): view('dashboard/pengg...')
#5 C:\xampp\htdocs\pilotgamingindo\system\CodeIgniter.php(936): App\Controllers\Home->pengguna()
#6 C:\xampp\htdocs\pilotgamingindo\system\CodeIgniter.php(432): CodeIgniter\CodeIgniter->runController(Object(App\Controllers\Home))
#7 C:\xampp\htdocs\pilotgamingindo\system\CodeIgniter.php(333): CodeIgniter\CodeIgniter->handleRequest(NULL, Object(Config\Cache), false)
#8 C:\xampp\htdocs\pilotgamingindo\public\index.php(44): CodeIgniter\CodeIgniter->run()
#9 C:\xampp\htdocs\pilotgamingindo\system\Commands\Server\rewrite.php(45): require_once('C:\\xampp\\htdocs...')
#10 {main}
CRITICAL - 2021-05-17 00:13:58 --> Undefined variable $user
#0 C:\xampp\htdocs\pilotgamingindo\app\Views\dashboard\pengguna.php(45): CodeIgniter\Debug\Exceptions->errorHandler(2, 'Undefined varia...', 'C:\\xampp\\htdocs...', 45)
#1 C:\xampp\htdocs\pilotgamingindo\system\View\View.php(220): include('C:\\xampp\\htdocs...')
#2 C:\xampp\htdocs\pilotgamingindo\system\View\View.php(222): CodeIgniter\View\View->CodeIgniter\View\{closure}()
#3 C:\xampp\htdocs\pilotgamingindo\system\Common.php(1217): CodeIgniter\View\View->render('dashboard/pengg...', Array, true)
#4 C:\xampp\htdocs\pilotgamingindo\app\Controllers\Home.php(44): view('dashboard/pengg...')
#5 C:\xampp\htdocs\pilotgamingindo\system\CodeIgniter.php(936): App\Controllers\Home->pengguna()
#6 C:\xampp\htdocs\pilotgamingindo\system\CodeIgniter.php(432): CodeIgniter\CodeIgniter->runController(Object(App\Controllers\Home))
#7 C:\xampp\htdocs\pilotgamingindo\system\CodeIgniter.php(333): CodeIgniter\CodeIgniter->handleRequest(NULL, Object(Config\Cache), false)
#8 C:\xampp\htdocs\pilotgamingindo\public\index.php(44): CodeIgniter\CodeIgniter->run()
#9 C:\xampp\htdocs\pilotgamingindo\system\Commands\Server\rewrite.php(45): require_once('C:\\xampp\\htdocs...')
#10 {main}
CRITICAL - 2021-05-17 00:15:55 --> Class "App\Models\countModel" not found
#0 C:\xampp\htdocs\pilotgamingindo\system\CodeIgniter.php(908): App\Controllers\Home->__construct()
#1 C:\xampp\htdocs\pilotgamingindo\system\CodeIgniter.php(422): CodeIgniter\CodeIgniter->createController()
#2 C:\xampp\htdocs\pilotgamingindo\system\CodeIgniter.php(333): CodeIgniter\CodeIgniter->handleRequest(NULL, Object(Config\Cache), false)
#3 C:\xampp\htdocs\pilotgamingindo\public\index.php(44): CodeIgniter\CodeIgniter->run()
#4 C:\xampp\htdocs\pilotgamingindo\system\Commands\Server\rewrite.php(45): require_once('C:\\xampp\\htdocs...')
#5 {main}
CRITICAL - 2021-05-17 00:16:59 --> Undefined variable $user
#0 C:\xampp\htdocs\pilotgamingindo\app\Views\dashboard\pengguna.php(45): CodeIgniter\Debug\Exceptions->errorHandler(2, 'Undefined varia...', 'C:\\xampp\\htdocs...', 45)
#1 C:\xampp\htdocs\pilotgamingindo\system\View\View.php(220): include('C:\\xampp\\htdocs...')
#2 C:\xampp\htdocs\pilotgamingindo\system\View\View.php(222): CodeIgniter\View\View->CodeIgniter\View\{closure}()
#3 C:\xampp\htdocs\pilotgamingindo\system\Common.php(1217): CodeIgniter\View\View->render('dashboard/pengg...', Array, true)
#4 C:\xampp\htdocs\pilotgamingindo\app\Controllers\Home.php(45): view('dashboard/pengg...')
#5 C:\xampp\htdocs\pilotgamingindo\system\CodeIgniter.php(936): App\Controllers\Home->pengguna()
#6 C:\xampp\htdocs\pilotgamingindo\system\CodeIgniter.php(432): CodeIgniter\CodeIgniter->runController(Object(App\Controllers\Home))
#7 C:\xampp\htdocs\pilotgamingindo\system\CodeIgniter.php(333): CodeIgniter\CodeIgniter->handleRequest(NULL, Object(Config\Cache), false)
#8 C:\xampp\htdocs\pilotgamingindo\public\index.php(44): CodeIgniter\CodeIgniter->run()
#9 C:\xampp\htdocs\pilotgamingindo\system\Commands\Server\rewrite.php(45): require_once('C:\\xampp\\htdocs...')
#10 {main}
CRITICAL - 2021-05-17 00:21:14 --> Undefined variable $user
#0 C:\xampp\htdocs\pilotgamingindo\app\Views\dashboard\pengguna.php(45): CodeIgniter\Debug\Exceptions->errorHandler(2, 'Undefined varia...', 'C:\\xampp\\htdocs...', 45)
#1 C:\xampp\htdocs\pilotgamingindo\system\View\View.php(220): include('C:\\xampp\\htdocs...')
#2 C:\xampp\htdocs\pilotgamingindo\system\View\View.php(222): CodeIgniter\View\View->CodeIgniter\View\{closure}()
#3 C:\xampp\htdocs\pilotgamingindo\system\Common.php(1217): CodeIgniter\View\View->render('dashboard/pengg...', Array, true)
#4 C:\xampp\htdocs\pilotgamingindo\app\Controllers\Home.php(39): view('dashboard/pengg...')
#5 C:\xampp\htdocs\pilotgamingindo\system\CodeIgniter.php(936): App\Controllers\Home->pengguna()
#6 C:\xampp\htdocs\pilotgamingindo\system\CodeIgniter.php(432): CodeIgniter\CodeIgniter->runController(Object(App\Controllers\Home))
#7 C:\xampp\htdocs\pilotgamingindo\system\CodeIgniter.php(333): CodeIgniter\CodeIgniter->handleRequest(NULL, Object(Config\Cache), false)
#8 C:\xampp\htdocs\pilotgamingindo\public\index.php(44): CodeIgniter\CodeIgniter->run()
#9 C:\xampp\htdocs\pilotgamingindo\system\Commands\Server\rewrite.php(45): require_once('C:\\xampp\\htdocs...')
#10 {main}
CRITICAL - 2021-05-17 00:23:03 --> Undefined variable $user
#0 C:\xampp\htdocs\pilotgamingindo\app\Views\dashboard\pengguna.php(45): CodeIgniter\Debug\Exceptions->errorHandler(2, 'Undefined varia...', 'C:\\xampp\\htdocs...', 45)
#1 C:\xampp\htdocs\pilotgamingindo\system\View\View.php(220): include('C:\\xampp\\htdocs...')
#2 C:\xampp\htdocs\pilotgamingindo\system\View\View.php(222): CodeIgniter\View\View->CodeIgniter\View\{closure}()
#3 C:\xampp\htdocs\pilotgamingindo\system\Common.php(1217): CodeIgniter\View\View->render('dashboard/pengg...', Array, true)
#4 C:\xampp\htdocs\pilotgamingindo\app\Controllers\Home.php(39): view('dashboard/pengg...')
#5 C:\xampp\htdocs\pilotgamingindo\system\CodeIgniter.php(936): App\Controllers\Home->pengguna()
#6 C:\xampp\htdocs\pilotgamingindo\system\CodeIgniter.php(432): CodeIgniter\CodeIgniter->runController(Object(App\Controllers\Home))
#7 C:\xampp\htdocs\pilotgamingindo\system\CodeIgniter.php(333): CodeIgniter\CodeIgniter->handleRequest(NULL, Object(Config\Cache), false)
#8 C:\xampp\htdocs\pilotgamingindo\public\index.php(44): CodeIgniter\CodeIgniter->run()
#9 C:\xampp\htdocs\pilotgamingindo\system\Commands\Server\rewrite.php(45): require_once('C:\\xampp\\htdocs...')
#10 {main}
CRITICAL - 2021-05-17 00:25:03 --> Undefined variable $user
#0 C:\xampp\htdocs\pilotgamingindo\app\Views\dashboard\pengguna.php(45): CodeIgniter\Debug\Exceptions->errorHandler(2, 'Undefined varia...', 'C:\\xampp\\htdocs...', 45)
#1 C:\xampp\htdocs\pilotgamingindo\system\View\View.php(220): include('C:\\xampp\\htdocs...')
#2 C:\xampp\htdocs\pilotgamingindo\system\View\View.php(222): CodeIgniter\View\View->CodeIgniter\View\{closure}()
#3 C:\xampp\htdocs\pilotgamingindo\system\Common.php(1217): CodeIgniter\View\View->render('dashboard/pengg...', Array, true)
#4 C:\xampp\htdocs\pilotgamingindo\app\Controllers\Home.php(39): view('dashboard/pengg...')
#5 C:\xampp\htdocs\pilotgamingindo\system\CodeIgniter.php(936): App\Controllers\Home->pengguna()
#6 C:\xampp\htdocs\pilotgamingindo\system\CodeIgniter.php(432): CodeIgniter\CodeIgniter->runController(Object(App\Controllers\Home))
#7 C:\xampp\htdocs\pilotgamingindo\system\CodeIgniter.php(333): CodeIgniter\CodeIgniter->handleRequest(NULL, Object(Config\Cache), false)
#8 C:\xampp\htdocs\pilotgamingindo\public\index.php(44): CodeIgniter\CodeIgniter->run()
#9 C:\xampp\htdocs\pilotgamingindo\system\Commands\Server\rewrite.php(45): require_once('C:\\xampp\\htdocs...')
#10 {main}
CRITICAL - 2021-05-17 00:58:47 --> Invalid file: layout/templates.php
#0 C:\xampp\htdocs\pilotgamingindo\system\View\View.php(203): CodeIgniter\Exceptions\FrameworkException::forInvalidFile('layout/template...')
#1 C:\xampp\htdocs\pilotgamingindo\system\View\View.php(236): CodeIgniter\View\View->render('layout/template...', Array, true)
#2 C:\xampp\htdocs\pilotgamingindo\system\Common.php(1217): CodeIgniter\View\View->render('dashboard/creat...', Array, true)
#3 C:\xampp\htdocs\pilotgamingindo\app\Controllers\Home.php(94): view('dashboard/creat...', Array)
#4 C:\xampp\htdocs\pilotgamingindo\system\CodeIgniter.php(936): App\Controllers\Home->create()
#5 C:\xampp\htdocs\pilotgamingindo\system\CodeIgniter.php(432): CodeIgniter\CodeIgniter->runController(Object(App\Controllers\Home))
#6 C:\xampp\htdocs\pilotgamingindo\system\CodeIgniter.php(333): CodeIgniter\CodeIgniter->handleRequest(NULL, Object(Config\Cache), false)
#7 C:\xampp\htdocs\pilotgamingindo\public\index.php(44): CodeIgniter\CodeIgniter->run()
#8 C:\xampp\htdocs\pilotgamingindo\system\Commands\Server\rewrite.php(45): require_once('C:\\xampp\\htdocs...')
#9 {main}
CRITICAL - 2021-05-17 00:59:07 --> Invalid file: layout/templates.php
#0 C:\xampp\htdocs\pilotgamingindo\system\View\View.php(203): CodeIgniter\Exceptions\FrameworkException::forInvalidFile('layout/template...')
#1 C:\xampp\htdocs\pilotgamingindo\system\View\View.php(236): CodeIgniter\View\View->render('layout/template...', Array, true)
#2 C:\xampp\htdocs\pilotgamingindo\system\Common.php(1217): CodeIgniter\View\View->render('dashboard/creat...', Array, true)
#3 C:\xampp\htdocs\pilotgamingindo\app\Controllers\Home.php(94): view('dashboard/creat...', Array)
#4 C:\xampp\htdocs\pilotgamingindo\system\CodeIgniter.php(936): App\Controllers\Home->create()
#5 C:\xampp\htdocs\pilotgamingindo\system\CodeIgniter.php(432): CodeIgniter\CodeIgniter->runController(Object(App\Controllers\Home))
#6 C:\xampp\htdocs\pilotgamingindo\system\CodeIgniter.php(333): CodeIgniter\CodeIgniter->handleRequest(NULL, Object(Config\Cache), false)
#7 C:\xampp\htdocs\pilotgamingindo\public\index.php(44): CodeIgniter\CodeIgniter->run()
#8 C:\xampp\htdocs\pilotgamingindo\system\Commands\Server\rewrite.php(45): require_once('C:\\xampp\\htdocs...')
#9 {main}
CRITICAL - 2021-05-17 01:00:59 --> Invalid file: layout/templates.php
#0 C:\xampp\htdocs\pilotgamingindo\system\View\View.php(203): CodeIgniter\Exceptions\FrameworkException::forInvalidFile('layout/template...')
#1 C:\xampp\htdocs\pilotgamingindo\system\View\View.php(236): CodeIgniter\View\View->render('layout/template...', Array, true)
#2 C:\xampp\htdocs\pilotgamingindo\system\Common.php(1217): CodeIgniter\View\View->render('dashboard/creat...', Array, true)
#3 C:\xampp\htdocs\pilotgamingindo\app\Controllers\Home.php(94): view('dashboard/creat...', Array)
#4 C:\xampp\htdocs\pilotgamingindo\system\CodeIgniter.php(936): App\Controllers\Home->create()
#5 C:\xampp\htdocs\pilotgamingindo\system\CodeIgniter.php(432): CodeIgniter\CodeIgniter->runController(Object(App\Controllers\Home))
#6 C:\xampp\htdocs\pilotgamingindo\system\CodeIgniter.php(333): CodeIgniter\CodeIgniter->handleRequest(NULL, Object(Config\Cache), false)
#7 C:\xampp\htdocs\pilotgamingindo\public\index.php(44): CodeIgniter\CodeIgniter->run()
#8 C:\xampp\htdocs\pilotgamingindo\system\Commands\Server\rewrite.php(45): require_once('C:\\xampp\\htdocs...')
#9 {main}
CRITICAL - 2021-05-17 01:01:07 --> Invalid file: layout/templates.php
#0 C:\xampp\htdocs\pilotgamingindo\system\View\View.php(203): CodeIgniter\Exceptions\FrameworkException::forInvalidFile('layout/template...')
#1 C:\xampp\htdocs\pilotgamingindo\system\View\View.php(236): CodeIgniter\View\View->render('layout/template...', Array, true)
#2 C:\xampp\htdocs\pilotgamingindo\system\Common.php(1217): CodeIgniter\View\View->render('dashboard/creat...', Array, true)
#3 C:\xampp\htdocs\pilotgamingindo\app\Controllers\Home.php(94): view('dashboard/creat...', Array)
#4 C:\xampp\htdocs\pilotgamingindo\system\CodeIgniter.php(936): App\Controllers\Home->create()
#5 C:\xampp\htdocs\pilotgamingindo\system\CodeIgniter.php(432): CodeIgniter\CodeIgniter->runController(Object(App\Controllers\Home))
#6 C:\xampp\htdocs\pilotgamingindo\system\CodeIgniter.php(333): CodeIgniter\CodeIgniter->handleRequest(NULL, Object(Config\Cache), false)
#7 C:\xampp\htdocs\pilotgamingindo\public\index.php(44): CodeIgniter\CodeIgniter->run()
#8 C:\xampp\htdocs\pilotgamingindo\system\Commands\Server\rewrite.php(45): require_once('C:\\xampp\\htdocs...')
#9 {main}
CRITICAL - 2021-05-17 03:38:03 --> Invalid file: Home/create.php
#0 C:\xampp\htdocs\pilotgamingindo\system\View\View.php(203): CodeIgniter\Exceptions\FrameworkException::forInvalidFile('Home/create.php')
#1 C:\xampp\htdocs\pilotgamingindo\system\Common.php(1217): CodeIgniter\View\View->render('Home/create', Array, true)
#2 C:\xampp\htdocs\pilotgamingindo\app\Controllers\Home.php(94): view('Home/create', Array)
#3 C:\xampp\htdocs\pilotgamingindo\system\CodeIgniter.php(936): App\Controllers\Home->create()
#4 C:\xampp\htdocs\pilotgamingindo\system\CodeIgniter.php(432): CodeIgniter\CodeIgniter->runController(Object(App\Controllers\Home))
#5 C:\xampp\htdocs\pilotgamingindo\system\CodeIgniter.php(333): CodeIgniter\CodeIgniter->handleRequest(NULL, Object(Config\Cache), false)
#6 C:\xampp\htdocs\pilotgamingindo\public\index.php(44): CodeIgniter\CodeIgniter->run()
#7 C:\xampp\htdocs\pilotgamingindo\system\Commands\Server\rewrite.php(45): require_once('C:\\xampp\\htdocs...')
#8 {main}
ERROR - 2021-05-17 04:51:42 --> mysqli_sql_exception: Unknown column 'level' in 'field list' in C:\xampp\htdocs\pilotgamingindo\system\Database\MySQLi\Connection.php:314
Stack trace:
#0 C:\xampp\htdocs\pilotgamingindo\system\Database\MySQLi\Connection.php(314): mysqli->query('INSERT INTO `us...')
#1 C:\xampp\htdocs\pilotgamingindo\system\Database\BaseConnection.php(713): CodeIgniter\Database\MySQLi\Connection->execute('INSERT INTO `us...')
#2 C:\xampp\htdocs\pilotgamingindo\system\Database\BaseConnection.php(641): CodeIgniter\Database\BaseConnection->simpleQuery('INSERT INTO `us...')
#3 C:\xampp\htdocs\pilotgamingindo\system\Database\BaseBuilder.php(2263): CodeIgniter\Database\BaseConnection->query('INSERT INTO `us...', Array, false)
#4 C:\xampp\htdocs\pilotgamingindo\system\Model.php(278): CodeIgniter\Database\BaseBuilder->insert()
#5 C:\xampp\htdocs\pilotgamingindo\system\BaseModel.php(758): CodeIgniter\Model->doInsert(Array)
#6 C:\xampp\htdocs\pilotgamingindo\system\Model.php(705): CodeIgniter\BaseModel->insert(Array, false)
#7 C:\xampp\htdocs\pilotgamingindo\system\BaseModel.php(667): CodeIgniter\Model->insert(Array, false)
#8 C:\xampp\htdocs\pilotgamingindo\app\Controllers\Home.php(163): CodeIgniter\BaseModel->save(Array)
#9 C:\xampp\htdocs\pilotgamingindo\system\CodeIgniter.php(936): App\Controllers\Home->save()
#10 C:\xampp\htdocs\pilotgamingindo\system\CodeIgniter.php(432): CodeIgniter\CodeIgniter->runController(Object(App\Controllers\Home))
#11 C:\xampp\htdocs\pilotgamingindo\system\CodeIgniter.php(333): CodeIgniter\CodeIgniter->handleRequest(NULL, Object(Config\Cache), false)
#12 C:\xampp\htdocs\pilotgamingindo\public\index.php(44): CodeIgniter\CodeIgniter->run()
#13 C:\xampp\htdocs\pilotgamingindo\system\Commands\Server\rewrite.php(45): require_once('C:\\xampp\\htdocs...')
#14 {main}
CRITICAL - 2021-05-17 04:51:42 --> Unknown column 'level' in 'field list'
#0 C:\xampp\htdocs\pilotgamingindo\system\Database\MySQLi\Connection.php(314): mysqli->query('INSERT INTO `us...')
#1 C:\xampp\htdocs\pilotgamingindo\system\Database\BaseConnection.php(713): CodeIgniter\Database\MySQLi\Connection->execute('INSERT INTO `us...')
#2 C:\xampp\htdocs\pilotgamingindo\system\Database\BaseConnection.php(641): CodeIgniter\Database\BaseConnection->simpleQuery('INSERT INTO `us...')
#3 C:\xampp\htdocs\pilotgamingindo\system\Database\BaseBuilder.php(2263): CodeIgniter\Database\BaseConnection->query('INSERT INTO `us...', Array, false)
#4 C:\xampp\htdocs\pilotgamingindo\system\Model.php(278): CodeIgniter\Database\BaseBuilder->insert()
#5 C:\xampp\htdocs\pilotgamingindo\system\BaseModel.php(758): CodeIgniter\Model->doInsert(Array)
#6 C:\xampp\htdocs\pilotgamingindo\system\Model.php(705): CodeIgniter\BaseModel->insert(Array, false)
#7 C:\xampp\htdocs\pilotgamingindo\system\BaseModel.php(667): CodeIgniter\Model->insert(Array, false)
#8 C:\xampp\htdocs\pilotgamingindo\app\Controllers\Home.php(163): CodeIgniter\BaseModel->save(Array)
#9 C:\xampp\htdocs\pilotgamingindo\system\CodeIgniter.php(936): App\Controllers\Home->save()
#10 C:\xampp\htdocs\pilotgamingindo\system\CodeIgniter.php(432): CodeIgniter\CodeIgniter->runController(Object(App\Controllers\Home))
#11 C:\xampp\htdocs\pilotgamingindo\system\CodeIgniter.php(333): CodeIgniter\CodeIgniter->handleRequest(NULL, Object(Config\Cache), false)
#12 C:\xampp\htdocs\pilotgamingindo\public\index.php(44): CodeIgniter\CodeIgniter->run()
#13 C:\xampp\htdocs\pilotgamingindo\system\Commands\Server\rewrite.php(45): require_once('C:\\xampp\\htdocs...')
#14 {main}
CRITICAL - 2021-05-17 06:59:22 --> Invalid file: Home/index.php
#0 C:\xampp\htdocs\pilotgamingindo\system\View\View.php(203): CodeIgniter\Exceptions\FrameworkException::forInvalidFile('Home/index.php')
#1 C:\xampp\htdocs\pilotgamingindo\system\Common.php(1217): CodeIgniter\View\View->render('Home/index', Array, true)
#2 C:\xampp\htdocs\pilotgamingindo\app\Controllers\Home.php(15): view('Home/index')
#3 C:\xampp\htdocs\pilotgamingindo\system\CodeIgniter.php(936): App\Controllers\Home->index()
#4 C:\xampp\htdocs\pilotgamingindo\system\CodeIgniter.php(432): CodeIgniter\CodeIgniter->runController(Object(App\Controllers\Home))
#5 C:\xampp\htdocs\pilotgamingindo\system\CodeIgniter.php(333): CodeIgniter\CodeIgniter->handleRequest(NULL, Object(Config\Cache), false)
#6 C:\xampp\htdocs\pilotgamingindo\public\index.php(44): CodeIgniter\CodeIgniter->run()
#7 C:\xampp\htdocs\pilotgamingindo\system\Commands\Server\rewrite.php(45): require_once('C:\\xampp\\htdocs...')
#8 {main}
CRITICAL - 2021-05-17 07:00:26 --> Invalid file: Home/index.php
#0 C:\xampp\htdocs\pilotgamingindo\system\View\View.php(203): CodeIgniter\Exceptions\FrameworkException::forInvalidFile('Home/index.php')
#1 C:\xampp\htdocs\pilotgamingindo\system\Common.php(1217): CodeIgniter\View\View->render('Home/index', Array, true)
#2 C:\xampp\htdocs\pilotgamingindo\app\Controllers\Home.php(15): view('Home/index')
#3 C:\xampp\htdocs\pilotgamingindo\system\CodeIgniter.php(936): App\Controllers\Home->index()
#4 C:\xampp\htdocs\pilotgamingindo\system\CodeIgniter.php(432): CodeIgniter\CodeIgniter->runController(Object(App\Controllers\Home))
#5 C:\xampp\htdocs\pilotgamingindo\system\CodeIgniter.php(333): CodeIgniter\CodeIgniter->handleRequest(NULL, Object(Config\Cache), false)
#6 C:\xampp\htdocs\pilotgamingindo\public\index.php(44): CodeIgniter\CodeIgniter->run()
#7 C:\xampp\htdocs\pilotgamingindo\system\Commands\Server\rewrite.php(45): require_once('C:\\xampp\\htdocs...')
#8 {main}
CRITICAL - 2021-05-17 07:00:29 --> Invalid file: Home/index.php
#0 C:\xampp\htdocs\pilotgamingindo\system\View\View.php(203): CodeIgniter\Exceptions\FrameworkException::forInvalidFile('Home/index.php')
#1 C:\xampp\htdocs\pilotgamingindo\system\Common.php(1217): CodeIgniter\View\View->render('Home/index', Array, true)
#2 C:\xampp\htdocs\pilotgamingindo\app\Controllers\Home.php(15): view('Home/index')
#3 C:\xampp\htdocs\pilotgamingindo\system\CodeIgniter.php(936): App\Controllers\Home->index()
#4 C:\xampp\htdocs\pilotgamingindo\system\CodeIgniter.php(432): CodeIgniter\CodeIgniter->runController(Object(App\Controllers\Home))
#5 C:\xampp\htdocs\pilotgamingindo\system\CodeIgniter.php(333): CodeIgniter\CodeIgniter->handleRequest(NULL, Object(Config\Cache), false)
#6 C:\xampp\htdocs\pilotgamingindo\public\index.php(44): CodeIgniter\CodeIgniter->run()
#7 C:\xampp\htdocs\pilotgamingindo\system\Commands\Server\rewrite.php(45): require_once('C:\\xampp\\htdocs...')
#8 {main}
CRITICAL - 2021-05-17 07:00:49 --> Invalid file: Home/index.php
#0 C:\xampp\htdocs\pilotgamingindo\system\View\View.php(203): CodeIgniter\Exceptions\FrameworkException::forInvalidFile('Home/index.php')
#1 C:\xampp\htdocs\pilotgamingindo\system\Common.php(1217): CodeIgniter\View\View->render('Home/index', Array, true)
#2 C:\xampp\htdocs\pilotgamingindo\app\Controllers\Home.php(15): view('Home/index')
#3 C:\xampp\htdocs\pilotgamingindo\system\CodeIgniter.php(936): App\Controllers\Home->index()
#4 C:\xampp\htdocs\pilotgamingindo\system\CodeIgniter.php(432): CodeIgniter\CodeIgniter->runController(Object(App\Controllers\Home))
#5 C:\xampp\htdocs\pilotgamingindo\system\CodeIgniter.php(333): CodeIgniter\CodeIgniter->handleRequest(NULL, Object(Config\Cache), false)
#6 C:\xampp\htdocs\pilotgamingindo\public\index.php(44): CodeIgniter\CodeIgniter->run()
#7 C:\xampp\htdocs\pilotgamingindo\system\Commands\Server\rewrite.php(45): require_once('C:\\xampp\\htdocs...')
#8 {main}
