CRITICAL - 2021-05-19 03:51:23 --> Too few arguments to function App\Controllers\Dashboard::editpassword(), 0 passed in C:\xampp\htdocs\pilotgamingindo\system\CodeIgniter.php on line 936 and exactly 1 expected
#0 C:\xampp\htdocs\pilotgamingindo\system\CodeIgniter.php(936): App\Controllers\Dashboard->editpassword()
#1 C:\xampp\htdocs\pilotgamingindo\system\CodeIgniter.php(432): CodeIgniter\CodeIgniter->runController(Object(App\Controllers\Dashboard))
#2 C:\xampp\htdocs\pilotgamingindo\system\CodeIgniter.php(333): CodeIgniter\CodeIgniter->handleRequest(NULL, Object(Config\Cache), false)
#3 C:\xampp\htdocs\pilotgamingindo\public\index.php(44): CodeIgniter\CodeIgniter->run()
#4 C:\xampp\htdocs\pilotgamingindo\system\Commands\Server\rewrite.php(45): require_once('C:\\xampp\\htdocs...')
#5 {main}
CRITICAL - 2021-05-19 03:51:48 --> Undefined variable $user
#0 C:\xampp\htdocs\pilotgamingindo\app\Views\dashboard\editpassword.php(14): CodeIgniter\Debug\Exceptions->errorHandler(2, 'Undefined varia...', 'C:\\xampp\\htdocs...', 14)
#1 C:\xampp\htdocs\pilotgamingindo\system\View\View.php(220): include('C:\\xampp\\htdocs...')
#2 C:\xampp\htdocs\pilotgamingindo\system\View\View.php(222): CodeIgniter\View\View->CodeIgniter\View\{closure}()
#3 C:\xampp\htdocs\pilotgamingindo\system\Common.php(1217): CodeIgniter\View\View->render('dashboard/editp...', Array, true)
#4 C:\xampp\htdocs\pilotgamingindo\app\Controllers\Dashboard.php(294): view('dashboard/editp...', Array)
#5 C:\xampp\htdocs\pilotgamingindo\system\CodeIgniter.php(936): App\Controllers\Dashboard->editpassword('testes')
#6 C:\xampp\htdocs\pilotgamingindo\system\CodeIgniter.php(432): CodeIgniter\CodeIgniter->runController(Object(App\Controllers\Dashboard))
#7 C:\xampp\htdocs\pilotgamingindo\system\CodeIgniter.php(333): CodeIgniter\CodeIgniter->handleRequest(NULL, Object(Config\Cache), false)
#8 C:\xampp\htdocs\pilotgamingindo\public\index.php(44): CodeIgniter\CodeIgniter->run()
#9 C:\xampp\htdocs\pilotgamingindo\system\Commands\Server\rewrite.php(45): require_once('C:\\xampp\\htdocs...')
#10 {main}
CRITICAL - 2021-05-19 03:51:51 --> Undefined variable $user
#0 C:\xampp\htdocs\pilotgamingindo\app\Views\dashboard\editpassword.php(14): CodeIgniter\Debug\Exceptions->errorHandler(2, 'Undefined varia...', 'C:\\xampp\\htdocs...', 14)
#1 C:\xampp\htdocs\pilotgamingindo\system\View\View.php(220): include('C:\\xampp\\htdocs...')
#2 C:\xampp\htdocs\pilotgamingindo\system\View\View.php(222): CodeIgniter\View\View->CodeIgniter\View\{closure}()
#3 C:\xampp\htdocs\pilotgamingindo\system\Common.php(1217): CodeIgniter\View\View->render('dashboard/editp...', Array, true)
#4 C:\xampp\htdocs\pilotgamingindo\app\Controllers\Dashboard.php(294): view('dashboard/editp...', Array)
#5 C:\xampp\htdocs\pilotgamingindo\system\CodeIgniter.php(936): App\Controllers\Dashboard->editpassword('testes')
#6 C:\xampp\htdocs\pilotgamingindo\system\CodeIgniter.php(432): CodeIgniter\CodeIgniter->runController(Object(App\Controllers\Dashboard))
#7 C:\xampp\htdocs\pilotgamingindo\system\CodeIgniter.php(333): CodeIgniter\CodeIgniter->handleRequest(NULL, Object(Config\Cache), false)
#8 C:\xampp\htdocs\pilotgamingindo\public\index.php(44): CodeIgniter\CodeIgniter->run()
#9 C:\xampp\htdocs\pilotgamingindo\system\Commands\Server\rewrite.php(45): require_once('C:\\xampp\\htdocs...')
#10 {main}
CRITICAL - 2021-05-19 03:52:38 --> Undefined variable $user
#0 C:\xampp\htdocs\pilotgamingindo\app\Views\dashboard\editpassword.php(14): CodeIgniter\Debug\Exceptions->errorHandler(2, 'Undefined varia...', 'C:\\xampp\\htdocs...', 14)
#1 C:\xampp\htdocs\pilotgamingindo\system\View\View.php(220): include('C:\\xampp\\htdocs...')
#2 C:\xampp\htdocs\pilotgamingindo\system\View\View.php(222): CodeIgniter\View\View->CodeIgniter\View\{closure}()
#3 C:\xampp\htdocs\pilotgamingindo\system\Common.php(1217): CodeIgniter\View\View->render('dashboard/editp...', Array, true)
#4 C:\xampp\htdocs\pilotgamingindo\app\Controllers\Dashboard.php(294): view('dashboard/editp...', Array)
#5 C:\xampp\htdocs\pilotgamingindo\system\CodeIgniter.php(936): App\Controllers\Dashboard->editpassword('testes')
#6 C:\xampp\htdocs\pilotgamingindo\system\CodeIgniter.php(432): CodeIgniter\CodeIgniter->runController(Object(App\Controllers\Dashboard))
#7 C:\xampp\htdocs\pilotgamingindo\system\CodeIgniter.php(333): CodeIgniter\CodeIgniter->handleRequest(NULL, Object(Config\Cache), false)
#8 C:\xampp\htdocs\pilotgamingindo\public\index.php(44): CodeIgniter\CodeIgniter->run()
#9 C:\xampp\htdocs\pilotgamingindo\system\Commands\Server\rewrite.php(45): require_once('C:\\xampp\\htdocs...')
#10 {main}
CRITICAL - 2021-05-19 03:52:42 --> Undefined variable $user
#0 C:\xampp\htdocs\pilotgamingindo\app\Views\dashboard\editpassword.php(14): CodeIgniter\Debug\Exceptions->errorHandler(2, 'Undefined varia...', 'C:\\xampp\\htdocs...', 14)
#1 C:\xampp\htdocs\pilotgamingindo\system\View\View.php(220): include('C:\\xampp\\htdocs...')
#2 C:\xampp\htdocs\pilotgamingindo\system\View\View.php(222): CodeIgniter\View\View->CodeIgniter\View\{closure}()
#3 C:\xampp\htdocs\pilotgamingindo\system\Common.php(1217): CodeIgniter\View\View->render('dashboard/editp...', Array, true)
#4 C:\xampp\htdocs\pilotgamingindo\app\Controllers\Dashboard.php(294): view('dashboard/editp...', Array)
#5 C:\xampp\htdocs\pilotgamingindo\system\CodeIgniter.php(936): App\Controllers\Dashboard->editpassword('testes')
#6 C:\xampp\htdocs\pilotgamingindo\system\CodeIgniter.php(432): CodeIgniter\CodeIgniter->runController(Object(App\Controllers\Dashboard))
#7 C:\xampp\htdocs\pilotgamingindo\system\CodeIgniter.php(333): CodeIgniter\CodeIgniter->handleRequest(NULL, Object(Config\Cache), false)
#8 C:\xampp\htdocs\pilotgamingindo\public\index.php(44): CodeIgniter\CodeIgniter->run()
#9 C:\xampp\htdocs\pilotgamingindo\system\Commands\Server\rewrite.php(45): require_once('C:\\xampp\\htdocs...')
#10 {main}
CRITICAL - 2021-05-19 03:54:12 --> Undefined variable $user
#0 C:\xampp\htdocs\pilotgamingindo\app\Views\dashboard\editpassword.php(14): CodeIgniter\Debug\Exceptions->errorHandler(2, 'Undefined varia...', 'C:\\xampp\\htdocs...', 14)
#1 C:\xampp\htdocs\pilotgamingindo\system\View\View.php(220): include('C:\\xampp\\htdocs...')
#2 C:\xampp\htdocs\pilotgamingindo\system\View\View.php(222): CodeIgniter\View\View->CodeIgniter\View\{closure}()
#3 C:\xampp\htdocs\pilotgamingindo\system\Common.php(1217): CodeIgniter\View\View->render('dashboard/editp...', Array, true)
#4 C:\xampp\htdocs\pilotgamingindo\app\Controllers\Dashboard.php(294): view('dashboard/editp...', Array)
#5 C:\xampp\htdocs\pilotgamingindo\system\CodeIgniter.php(936): App\Controllers\Dashboard->editpassword('testes')
#6 C:\xampp\htdocs\pilotgamingindo\system\CodeIgniter.php(432): CodeIgniter\CodeIgniter->runController(Object(App\Controllers\Dashboard))
#7 C:\xampp\htdocs\pilotgamingindo\system\CodeIgniter.php(333): CodeIgniter\CodeIgniter->handleRequest(NULL, Object(Config\Cache), false)
#8 C:\xampp\htdocs\pilotgamingindo\public\index.php(44): CodeIgniter\CodeIgniter->run()
#9 C:\xampp\htdocs\pilotgamingindo\system\Commands\Server\rewrite.php(45): require_once('C:\\xampp\\htdocs...')
#10 {main}
CRITICAL - 2021-05-19 03:54:48 --> Undefined variable $user
#0 C:\xampp\htdocs\pilotgamingindo\app\Views\dashboard\editpassword.php(14): CodeIgniter\Debug\Exceptions->errorHandler(2, 'Undefined varia...', 'C:\\xampp\\htdocs...', 14)
#1 C:\xampp\htdocs\pilotgamingindo\system\View\View.php(220): include('C:\\xampp\\htdocs...')
#2 C:\xampp\htdocs\pilotgamingindo\system\View\View.php(222): CodeIgniter\View\View->CodeIgniter\View\{closure}()
#3 C:\xampp\htdocs\pilotgamingindo\system\Common.php(1217): CodeIgniter\View\View->render('dashboard/editp...', Array, true)
#4 C:\xampp\htdocs\pilotgamingindo\app\Controllers\Dashboard.php(294): view('dashboard/editp...', Array)
#5 C:\xampp\htdocs\pilotgamingindo\system\CodeIgniter.php(936): App\Controllers\Dashboard->editpassword('testes')
#6 C:\xampp\htdocs\pilotgamingindo\system\CodeIgniter.php(432): CodeIgniter\CodeIgniter->runController(Object(App\Controllers\Dashboard))
#7 C:\xampp\htdocs\pilotgamingindo\system\CodeIgniter.php(333): CodeIgniter\CodeIgniter->handleRequest(NULL, Object(Config\Cache), false)
#8 C:\xampp\htdocs\pilotgamingindo\public\index.php(44): CodeIgniter\CodeIgniter->run()
#9 C:\xampp\htdocs\pilotgamingindo\system\Commands\Server\rewrite.php(45): require_once('C:\\xampp\\htdocs...')
#10 {main}
CRITICAL - 2021-05-19 03:55:22 --> Trying to access array offset on value of type null
#0 C:\xampp\htdocs\pilotgamingindo\app\Views\dashboard\editpassword.php(14): CodeIgniter\Debug\Exceptions->errorHandler(2, 'Trying to acces...', 'C:\\xampp\\htdocs...', 14)
#1 C:\xampp\htdocs\pilotgamingindo\system\View\View.php(220): include('C:\\xampp\\htdocs...')
#2 C:\xampp\htdocs\pilotgamingindo\system\View\View.php(222): CodeIgniter\View\View->CodeIgniter\View\{closure}()
#3 C:\xampp\htdocs\pilotgamingindo\system\Common.php(1217): CodeIgniter\View\View->render('dashboard/editp...', Array, true)
#4 C:\xampp\htdocs\pilotgamingindo\app\Controllers\Dashboard.php(294): view('dashboard/editp...', Array)
#5 C:\xampp\htdocs\pilotgamingindo\system\CodeIgniter.php(936): App\Controllers\Dashboard->editpassword('4')
#6 C:\xampp\htdocs\pilotgamingindo\system\CodeIgniter.php(432): CodeIgniter\CodeIgniter->runController(Object(App\Controllers\Dashboard))
#7 C:\xampp\htdocs\pilotgamingindo\system\CodeIgniter.php(333): CodeIgniter\CodeIgniter->handleRequest(NULL, Object(Config\Cache), false)
#8 C:\xampp\htdocs\pilotgamingindo\public\index.php(44): CodeIgniter\CodeIgniter->run()
#9 C:\xampp\htdocs\pilotgamingindo\system\Commands\Server\rewrite.php(45): require_once('C:\\xampp\\htdocs...')
#10 {main}
CRITICAL - 2021-05-19 03:56:07 --> Trying to access array offset on value of type null
#0 C:\xampp\htdocs\pilotgamingindo\app\Views\dashboard\editpassword.php(14): CodeIgniter\Debug\Exceptions->errorHandler(2, 'Trying to acces...', 'C:\\xampp\\htdocs...', 14)
#1 C:\xampp\htdocs\pilotgamingindo\system\View\View.php(220): include('C:\\xampp\\htdocs...')
#2 C:\xampp\htdocs\pilotgamingindo\system\View\View.php(222): CodeIgniter\View\View->CodeIgniter\View\{closure}()
#3 C:\xampp\htdocs\pilotgamingindo\system\Common.php(1217): CodeIgniter\View\View->render('dashboard/editp...', Array, true)
#4 C:\xampp\htdocs\pilotgamingindo\app\Controllers\Dashboard.php(294): view('dashboard/editp...', Array)
#5 C:\xampp\htdocs\pilotgamingindo\system\CodeIgniter.php(936): App\Controllers\Dashboard->editpassword('4')
#6 C:\xampp\htdocs\pilotgamingindo\system\CodeIgniter.php(432): CodeIgniter\CodeIgniter->runController(Object(App\Controllers\Dashboard))
#7 C:\xampp\htdocs\pilotgamingindo\system\CodeIgniter.php(333): CodeIgniter\CodeIgniter->handleRequest(NULL, Object(Config\Cache), false)
#8 C:\xampp\htdocs\pilotgamingindo\public\index.php(44): CodeIgniter\CodeIgniter->run()
#9 C:\xampp\htdocs\pilotgamingindo\system\Commands\Server\rewrite.php(45): require_once('C:\\xampp\\htdocs...')
#10 {main}
CRITICAL - 2021-05-19 03:56:35 --> Trying to access array offset on value of type null
#0 C:\xampp\htdocs\pilotgamingindo\app\Views\dashboard\editpassword.php(14): CodeIgniter\Debug\Exceptions->errorHandler(2, 'Trying to acces...', 'C:\\xampp\\htdocs...', 14)
#1 C:\xampp\htdocs\pilotgamingindo\system\View\View.php(220): include('C:\\xampp\\htdocs...')
#2 C:\xampp\htdocs\pilotgamingindo\system\View\View.php(222): CodeIgniter\View\View->CodeIgniter\View\{closure}()
#3 C:\xampp\htdocs\pilotgamingindo\system\Common.php(1217): CodeIgniter\View\View->render('dashboard/editp...', Array, true)
#4 C:\xampp\htdocs\pilotgamingindo\app\Controllers\Dashboard.php(294): view('dashboard/editp...', Array)
#5 C:\xampp\htdocs\pilotgamingindo\system\CodeIgniter.php(936): App\Controllers\Dashboard->editpassword('4')
#6 C:\xampp\htdocs\pilotgamingindo\system\CodeIgniter.php(432): CodeIgniter\CodeIgniter->runController(Object(App\Controllers\Dashboard))
#7 C:\xampp\htdocs\pilotgamingindo\system\CodeIgniter.php(333): CodeIgniter\CodeIgniter->handleRequest(NULL, Object(Config\Cache), false)
#8 C:\xampp\htdocs\pilotgamingindo\public\index.php(44): CodeIgniter\CodeIgniter->run()
#9 C:\xampp\htdocs\pilotgamingindo\system\Commands\Server\rewrite.php(45): require_once('C:\\xampp\\htdocs...')
#10 {main}
CRITICAL - 2021-05-19 03:57:01 --> Undefined array key "username"
#0 C:\xampp\htdocs\pilotgamingindo\app\Controllers\Dashboard.php(301): CodeIgniter\Debug\Exceptions->errorHandler(2, 'Undefined array...', 'C:\\xampp\\htdocs...', 301)
#1 C:\xampp\htdocs\pilotgamingindo\system\CodeIgniter.php(936): App\Controllers\Dashboard->updatepassword('4')
#2 C:\xampp\htdocs\pilotgamingindo\system\CodeIgniter.php(432): CodeIgniter\CodeIgniter->runController(Object(App\Controllers\Dashboard))
#3 C:\xampp\htdocs\pilotgamingindo\system\CodeIgniter.php(333): CodeIgniter\CodeIgniter->handleRequest(NULL, Object(Config\Cache), false)
#4 C:\xampp\htdocs\pilotgamingindo\public\index.php(44): CodeIgniter\CodeIgniter->run()
#5 C:\xampp\htdocs\pilotgamingindo\system\Commands\Server\rewrite.php(45): require_once('C:\\xampp\\htdocs...')
#6 {main}
CRITICAL - 2021-05-19 03:57:46 --> Undefined property: App\Controllers\Dashboard::$dashboardModel
#0 C:\xampp\htdocs\pilotgamingindo\app\Controllers\Dashboard.php(330): CodeIgniter\Debug\Exceptions->errorHandler(2, 'Undefined prope...', 'C:\\xampp\\htdocs...', 330)
#1 C:\xampp\htdocs\pilotgamingindo\system\CodeIgniter.php(936): App\Controllers\Dashboard->updatepassword('4')
#2 C:\xampp\htdocs\pilotgamingindo\system\CodeIgniter.php(432): CodeIgniter\CodeIgniter->runController(Object(App\Controllers\Dashboard))
#3 C:\xampp\htdocs\pilotgamingindo\system\CodeIgniter.php(333): CodeIgniter\CodeIgniter->handleRequest(NULL, Object(Config\Cache), false)
#4 C:\xampp\htdocs\pilotgamingindo\public\index.php(44): CodeIgniter\CodeIgniter->run()
#5 C:\xampp\htdocs\pilotgamingindo\system\Commands\Server\rewrite.php(45): require_once('C:\\xampp\\htdocs...')
#6 {main}
CRITICAL - 2021-05-19 03:58:24 --> Undefined array key "password"
#0 C:\xampp\htdocs\pilotgamingindo\app\Controllers\Dashboard.php(332): CodeIgniter\Debug\Exceptions->errorHandler(2, 'Undefined array...', 'C:\\xampp\\htdocs...', 332)
#1 C:\xampp\htdocs\pilotgamingindo\system\CodeIgniter.php(936): App\Controllers\Dashboard->updatepassword('4')
#2 C:\xampp\htdocs\pilotgamingindo\system\CodeIgniter.php(432): CodeIgniter\CodeIgniter->runController(Object(App\Controllers\Dashboard))
#3 C:\xampp\htdocs\pilotgamingindo\system\CodeIgniter.php(333): CodeIgniter\CodeIgniter->handleRequest(NULL, Object(Config\Cache), false)
#4 C:\xampp\htdocs\pilotgamingindo\public\index.php(44): CodeIgniter\CodeIgniter->run()
#5 C:\xampp\htdocs\pilotgamingindo\system\Commands\Server\rewrite.php(45): require_once('C:\\xampp\\htdocs...')
#6 {main}
CRITICAL - 2021-05-19 04:00:11 --> Undefined array key "password"
#0 C:\xampp\htdocs\pilotgamingindo\app\Controllers\Dashboard.php(332): CodeIgniter\Debug\Exceptions->errorHandler(2, 'Undefined array...', 'C:\\xampp\\htdocs...', 332)
#1 C:\xampp\htdocs\pilotgamingindo\system\CodeIgniter.php(936): App\Controllers\Dashboard->updatepassword('4')
#2 C:\xampp\htdocs\pilotgamingindo\system\CodeIgniter.php(432): CodeIgniter\CodeIgniter->runController(Object(App\Controllers\Dashboard))
#3 C:\xampp\htdocs\pilotgamingindo\system\CodeIgniter.php(333): CodeIgniter\CodeIgniter->handleRequest(NULL, Object(Config\Cache), false)
#4 C:\xampp\htdocs\pilotgamingindo\public\index.php(44): CodeIgniter\CodeIgniter->run()
#5 C:\xampp\htdocs\pilotgamingindo\system\Commands\Server\rewrite.php(45): require_once('C:\\xampp\\htdocs...')
#6 {main}
CRITICAL - 2021-05-19 04:02:01 --> Undefined array key "password"
#0 C:\xampp\htdocs\pilotgamingindo\app\Controllers\Dashboard.php(332): CodeIgniter\Debug\Exceptions->errorHandler(2, 'Undefined array...', 'C:\\xampp\\htdocs...', 332)
#1 C:\xampp\htdocs\pilotgamingindo\system\CodeIgniter.php(936): App\Controllers\Dashboard->updatepassword('4')
#2 C:\xampp\htdocs\pilotgamingindo\system\CodeIgniter.php(432): CodeIgniter\CodeIgniter->runController(Object(App\Controllers\Dashboard))
#3 C:\xampp\htdocs\pilotgamingindo\system\CodeIgniter.php(333): CodeIgniter\CodeIgniter->handleRequest(NULL, Object(Config\Cache), false)
#4 C:\xampp\htdocs\pilotgamingindo\public\index.php(44): CodeIgniter\CodeIgniter->run()
#5 C:\xampp\htdocs\pilotgamingindo\system\Commands\Server\rewrite.php(45): require_once('C:\\xampp\\htdocs...')
#6 {main}
CRITICAL - 2021-05-19 04:03:44 --> Undefined array key "password"
#0 C:\xampp\htdocs\pilotgamingindo\app\Controllers\Dashboard.php(332): CodeIgniter\Debug\Exceptions->errorHandler(2, 'Undefined array...', 'C:\\xampp\\htdocs...', 332)
#1 C:\xampp\htdocs\pilotgamingindo\system\CodeIgniter.php(936): App\Controllers\Dashboard->updatepassword('4')
#2 C:\xampp\htdocs\pilotgamingindo\system\CodeIgniter.php(432): CodeIgniter\CodeIgniter->runController(Object(App\Controllers\Dashboard))
#3 C:\xampp\htdocs\pilotgamingindo\system\CodeIgniter.php(333): CodeIgniter\CodeIgniter->handleRequest(NULL, Object(Config\Cache), false)
#4 C:\xampp\htdocs\pilotgamingindo\public\index.php(44): CodeIgniter\CodeIgniter->run()
#5 C:\xampp\htdocs\pilotgamingindo\system\Commands\Server\rewrite.php(45): require_once('C:\\xampp\\htdocs...')
#6 {main}
CRITICAL - 2021-05-19 04:27:52 --> Undefined array key "password"
#0 C:\xampp\htdocs\pilotgamingindo\app\Controllers\Dashboard.php(332): CodeIgniter\Debug\Exceptions->errorHandler(2, 'Undefined array...', 'C:\\xampp\\htdocs...', 332)
#1 C:\xampp\htdocs\pilotgamingindo\system\CodeIgniter.php(936): App\Controllers\Dashboard->updatepassword('4')
#2 C:\xampp\htdocs\pilotgamingindo\system\CodeIgniter.php(432): CodeIgniter\CodeIgniter->runController(Object(App\Controllers\Dashboard))
#3 C:\xampp\htdocs\pilotgamingindo\system\CodeIgniter.php(333): CodeIgniter\CodeIgniter->handleRequest(NULL, Object(Config\Cache), false)
#4 C:\xampp\htdocs\pilotgamingindo\public\index.php(44): CodeIgniter\CodeIgniter->run()
#5 C:\xampp\htdocs\pilotgamingindo\system\Commands\Server\rewrite.php(45): require_once('C:\\xampp\\htdocs...')
#6 {main}
CRITICAL - 2021-05-19 04:33:20 --> Undefined array key "password"
#0 C:\xampp\htdocs\pilotgamingindo\app\Controllers\Dashboard.php(332): CodeIgniter\Debug\Exceptions->errorHandler(2, 'Undefined array...', 'C:\\xampp\\htdocs...', 332)
#1 C:\xampp\htdocs\pilotgamingindo\system\CodeIgniter.php(936): App\Controllers\Dashboard->updatepassword('4')
#2 C:\xampp\htdocs\pilotgamingindo\system\CodeIgniter.php(432): CodeIgniter\CodeIgniter->runController(Object(App\Controllers\Dashboard))
#3 C:\xampp\htdocs\pilotgamingindo\system\CodeIgniter.php(333): CodeIgniter\CodeIgniter->handleRequest(NULL, Object(Config\Cache), false)
#4 C:\xampp\htdocs\pilotgamingindo\public\index.php(44): CodeIgniter\CodeIgniter->run()
#5 C:\xampp\htdocs\pilotgamingindo\system\Commands\Server\rewrite.php(45): require_once('C:\\xampp\\htdocs...')
#6 {main}
CRITICAL - 2021-05-19 04:33:27 --> Undefined array key "password"
#0 C:\xampp\htdocs\pilotgamingindo\app\Controllers\Dashboard.php(332): CodeIgniter\Debug\Exceptions->errorHandler(2, 'Undefined array...', 'C:\\xampp\\htdocs...', 332)
#1 C:\xampp\htdocs\pilotgamingindo\system\CodeIgniter.php(936): App\Controllers\Dashboard->updatepassword('4')
#2 C:\xampp\htdocs\pilotgamingindo\system\CodeIgniter.php(432): CodeIgniter\CodeIgniter->runController(Object(App\Controllers\Dashboard))
#3 C:\xampp\htdocs\pilotgamingindo\system\CodeIgniter.php(333): CodeIgniter\CodeIgniter->handleRequest(NULL, Object(Config\Cache), false)
#4 C:\xampp\htdocs\pilotgamingindo\public\index.php(44): CodeIgniter\CodeIgniter->run()
#5 C:\xampp\htdocs\pilotgamingindo\system\Commands\Server\rewrite.php(45): require_once('C:\\xampp\\htdocs...')
#6 {main}
CRITICAL - 2021-05-19 04:33:35 --> Undefined array key "password"
#0 C:\xampp\htdocs\pilotgamingindo\app\Controllers\Dashboard.php(332): CodeIgniter\Debug\Exceptions->errorHandler(2, 'Undefined array...', 'C:\\xampp\\htdocs...', 332)
#1 C:\xampp\htdocs\pilotgamingindo\system\CodeIgniter.php(936): App\Controllers\Dashboard->updatepassword('4')
#2 C:\xampp\htdocs\pilotgamingindo\system\CodeIgniter.php(432): CodeIgniter\CodeIgniter->runController(Object(App\Controllers\Dashboard))
#3 C:\xampp\htdocs\pilotgamingindo\system\CodeIgniter.php(333): CodeIgniter\CodeIgniter->handleRequest(NULL, Object(Config\Cache), false)
#4 C:\xampp\htdocs\pilotgamingindo\public\index.php(44): CodeIgniter\CodeIgniter->run()
#5 C:\xampp\htdocs\pilotgamingindo\system\Commands\Server\rewrite.php(45): require_once('C:\\xampp\\htdocs...')
#6 {main}
CRITICAL - 2021-05-19 04:50:50 --> Undefined array key "password"
#0 C:\xampp\htdocs\pilotgamingindo\app\Controllers\Dashboard.php(332): CodeIgniter\Debug\Exceptions->errorHandler(2, 'Undefined array...', 'C:\\xampp\\htdocs...', 332)
#1 C:\xampp\htdocs\pilotgamingindo\system\CodeIgniter.php(936): App\Controllers\Dashboard->updatepassword('4')
#2 C:\xampp\htdocs\pilotgamingindo\system\CodeIgniter.php(432): CodeIgniter\CodeIgniter->runController(Object(App\Controllers\Dashboard))
#3 C:\xampp\htdocs\pilotgamingindo\system\CodeIgniter.php(333): CodeIgniter\CodeIgniter->handleRequest(NULL, Object(Config\Cache), false)
#4 C:\xampp\htdocs\pilotgamingindo\public\index.php(44): CodeIgniter\CodeIgniter->run()
#5 C:\xampp\htdocs\pilotgamingindo\system\Commands\Server\rewrite.php(45): require_once('C:\\xampp\\htdocs...')
#6 {main}
CRITICAL - 2021-05-19 04:52:10 --> Undefined array key "password"
#0 C:\xampp\htdocs\pilotgamingindo\app\Controllers\Dashboard.php(332): CodeIgniter\Debug\Exceptions->errorHandler(2, 'Undefined array...', 'C:\\xampp\\htdocs...', 332)
#1 C:\xampp\htdocs\pilotgamingindo\system\CodeIgniter.php(936): App\Controllers\Dashboard->updatepassword('4')
#2 C:\xampp\htdocs\pilotgamingindo\system\CodeIgniter.php(432): CodeIgniter\CodeIgniter->runController(Object(App\Controllers\Dashboard))
#3 C:\xampp\htdocs\pilotgamingindo\system\CodeIgniter.php(333): CodeIgniter\CodeIgniter->handleRequest(NULL, Object(Config\Cache), false)
#4 C:\xampp\htdocs\pilotgamingindo\public\index.php(44): CodeIgniter\CodeIgniter->run()
#5 C:\xampp\htdocs\pilotgamingindo\system\Commands\Server\rewrite.php(45): require_once('C:\\xampp\\htdocs...')
#6 {main}
CRITICAL - 2021-05-19 04:52:21 --> Undefined array key "password"
#0 C:\xampp\htdocs\pilotgamingindo\app\Controllers\Dashboard.php(332): CodeIgniter\Debug\Exceptions->errorHandler(2, 'Undefined array...', 'C:\\xampp\\htdocs...', 332)
#1 C:\xampp\htdocs\pilotgamingindo\system\CodeIgniter.php(936): App\Controllers\Dashboard->updatepassword('4')
#2 C:\xampp\htdocs\pilotgamingindo\system\CodeIgniter.php(432): CodeIgniter\CodeIgniter->runController(Object(App\Controllers\Dashboard))
#3 C:\xampp\htdocs\pilotgamingindo\system\CodeIgniter.php(333): CodeIgniter\CodeIgniter->handleRequest(NULL, Object(Config\Cache), false)
#4 C:\xampp\htdocs\pilotgamingindo\public\index.php(44): CodeIgniter\CodeIgniter->run()
#5 C:\xampp\htdocs\pilotgamingindo\system\Commands\Server\rewrite.php(45): require_once('C:\\xampp\\htdocs...')
#6 {main}
CRITICAL - 2021-05-19 04:53:22 --> Undefined array key "password"
#0 C:\xampp\htdocs\pilotgamingindo\app\Controllers\Dashboard.php(332): CodeIgniter\Debug\Exceptions->errorHandler(2, 'Undefined array...', 'C:\\xampp\\htdocs...', 332)
#1 C:\xampp\htdocs\pilotgamingindo\system\CodeIgniter.php(936): App\Controllers\Dashboard->updatepassword('4')
#2 C:\xampp\htdocs\pilotgamingindo\system\CodeIgniter.php(432): CodeIgniter\CodeIgniter->runController(Object(App\Controllers\Dashboard))
#3 C:\xampp\htdocs\pilotgamingindo\system\CodeIgniter.php(333): CodeIgniter\CodeIgniter->handleRequest(NULL, Object(Config\Cache), false)
#4 C:\xampp\htdocs\pilotgamingindo\public\index.php(44): CodeIgniter\CodeIgniter->run()
#5 C:\xampp\htdocs\pilotgamingindo\system\Commands\Server\rewrite.php(45): require_once('C:\\xampp\\htdocs...')
#6 {main}
CRITICAL - 2021-05-19 05:45:26 --> Undefined array key "password"
#0 C:\xampp\htdocs\pilotgamingindo\app\Controllers\Dashboard.php(315): CodeIgniter\Debug\Exceptions->errorHandler(2, 'Undefined array...', 'C:\\xampp\\htdocs...', 315)
#1 C:\xampp\htdocs\pilotgamingindo\system\CodeIgniter.php(936): App\Controllers\Dashboard->updatepassword('4')
#2 C:\xampp\htdocs\pilotgamingindo\system\CodeIgniter.php(432): CodeIgniter\CodeIgniter->runController(Object(App\Controllers\Dashboard))
#3 C:\xampp\htdocs\pilotgamingindo\system\CodeIgniter.php(333): CodeIgniter\CodeIgniter->handleRequest(NULL, Object(Config\Cache), false)
#4 C:\xampp\htdocs\pilotgamingindo\public\index.php(44): CodeIgniter\CodeIgniter->run()
#5 C:\xampp\htdocs\pilotgamingindo\system\Commands\Server\rewrite.php(45): require_once('C:\\xampp\\htdocs...')
#6 {main}
CRITICAL - 2021-05-19 05:47:08 --> url_title(): Argument #1 ($str) must be of type string, null given, called in C:\xampp\htdocs\pilotgamingindo\app\Controllers\Dashboard.php on line 311
#0 C:\xampp\htdocs\pilotgamingindo\app\Controllers\Dashboard.php(311): url_title(NULL, '-', true)
#1 C:\xampp\htdocs\pilotgamingindo\system\CodeIgniter.php(936): App\Controllers\Dashboard->updatepassword('4')
#2 C:\xampp\htdocs\pilotgamingindo\system\CodeIgniter.php(432): CodeIgniter\CodeIgniter->runController(Object(App\Controllers\Dashboard))
#3 C:\xampp\htdocs\pilotgamingindo\system\CodeIgniter.php(333): CodeIgniter\CodeIgniter->handleRequest(NULL, Object(Config\Cache), false)
#4 C:\xampp\htdocs\pilotgamingindo\public\index.php(44): CodeIgniter\CodeIgniter->run()
#5 C:\xampp\htdocs\pilotgamingindo\system\Commands\Server\rewrite.php(45): require_once('C:\\xampp\\htdocs...')
#6 {main}
CRITICAL - 2021-05-19 05:47:22 --> Undefined array key "password"
#0 C:\xampp\htdocs\pilotgamingindo\app\Controllers\Dashboard.php(314): CodeIgniter\Debug\Exceptions->errorHandler(2, 'Undefined array...', 'C:\\xampp\\htdocs...', 314)
#1 C:\xampp\htdocs\pilotgamingindo\system\CodeIgniter.php(936): App\Controllers\Dashboard->updatepassword('4')
#2 C:\xampp\htdocs\pilotgamingindo\system\CodeIgniter.php(432): CodeIgniter\CodeIgniter->runController(Object(App\Controllers\Dashboard))
#3 C:\xampp\htdocs\pilotgamingindo\system\CodeIgniter.php(333): CodeIgniter\CodeIgniter->handleRequest(NULL, Object(Config\Cache), false)
#4 C:\xampp\htdocs\pilotgamingindo\public\index.php(44): CodeIgniter\CodeIgniter->run()
#5 C:\xampp\htdocs\pilotgamingindo\system\Commands\Server\rewrite.php(45): require_once('C:\\xampp\\htdocs...')
#6 {main}
CRITICAL - 2021-05-19 05:47:47 --> Undefined array key "password"
#0 C:\xampp\htdocs\pilotgamingindo\app\Controllers\Dashboard.php(314): CodeIgniter\Debug\Exceptions->errorHandler(2, 'Undefined array...', 'C:\\xampp\\htdocs...', 314)
#1 C:\xampp\htdocs\pilotgamingindo\system\CodeIgniter.php(936): App\Controllers\Dashboard->updatepassword('1')
#2 C:\xampp\htdocs\pilotgamingindo\system\CodeIgniter.php(432): CodeIgniter\CodeIgniter->runController(Object(App\Controllers\Dashboard))
#3 C:\xampp\htdocs\pilotgamingindo\system\CodeIgniter.php(333): CodeIgniter\CodeIgniter->handleRequest(NULL, Object(Config\Cache), false)
#4 C:\xampp\htdocs\pilotgamingindo\public\index.php(44): CodeIgniter\CodeIgniter->run()
#5 C:\xampp\htdocs\pilotgamingindo\system\Commands\Server\rewrite.php(45): require_once('C:\\xampp\\htdocs...')
#6 {main}
CRITICAL - 2021-05-19 05:50:10 --> Undefined array key "password"
#0 C:\xampp\htdocs\pilotgamingindo\app\Controllers\Dashboard.php(314): CodeIgniter\Debug\Exceptions->errorHandler(2, 'Undefined array...', 'C:\\xampp\\htdocs...', 314)
#1 C:\xampp\htdocs\pilotgamingindo\system\CodeIgniter.php(936): App\Controllers\Dashboard->updatepassword('2')
#2 C:\xampp\htdocs\pilotgamingindo\system\CodeIgniter.php(432): CodeIgniter\CodeIgniter->runController(Object(App\Controllers\Dashboard))
#3 C:\xampp\htdocs\pilotgamingindo\system\CodeIgniter.php(333): CodeIgniter\CodeIgniter->handleRequest(NULL, Object(Config\Cache), false)
#4 C:\xampp\htdocs\pilotgamingindo\public\index.php(44): CodeIgniter\CodeIgniter->run()
#5 C:\xampp\htdocs\pilotgamingindo\system\Commands\Server\rewrite.php(45): require_once('C:\\xampp\\htdocs...')
#6 {main}
CRITICAL - 2021-05-19 05:50:13 --> Undefined array key "password"
#0 C:\xampp\htdocs\pilotgamingindo\app\Controllers\Dashboard.php(314): CodeIgniter\Debug\Exceptions->errorHandler(2, 'Undefined array...', 'C:\\xampp\\htdocs...', 314)
#1 C:\xampp\htdocs\pilotgamingindo\system\CodeIgniter.php(936): App\Controllers\Dashboard->updatepassword('2')
#2 C:\xampp\htdocs\pilotgamingindo\system\CodeIgniter.php(432): CodeIgniter\CodeIgniter->runController(Object(App\Controllers\Dashboard))
#3 C:\xampp\htdocs\pilotgamingindo\system\CodeIgniter.php(333): CodeIgniter\CodeIgniter->handleRequest(NULL, Object(Config\Cache), false)
#4 C:\xampp\htdocs\pilotgamingindo\public\index.php(44): CodeIgniter\CodeIgniter->run()
#5 C:\xampp\htdocs\pilotgamingindo\system\Commands\Server\rewrite.php(45): require_once('C:\\xampp\\htdocs...')
#6 {main}
CRITICAL - 2021-05-19 05:50:14 --> Undefined array key "password"
#0 C:\xampp\htdocs\pilotgamingindo\app\Controllers\Dashboard.php(314): CodeIgniter\Debug\Exceptions->errorHandler(2, 'Undefined array...', 'C:\\xampp\\htdocs...', 314)
#1 C:\xampp\htdocs\pilotgamingindo\system\CodeIgniter.php(936): App\Controllers\Dashboard->updatepassword('2')
#2 C:\xampp\htdocs\pilotgamingindo\system\CodeIgniter.php(432): CodeIgniter\CodeIgniter->runController(Object(App\Controllers\Dashboard))
#3 C:\xampp\htdocs\pilotgamingindo\system\CodeIgniter.php(333): CodeIgniter\CodeIgniter->handleRequest(NULL, Object(Config\Cache), false)
#4 C:\xampp\htdocs\pilotgamingindo\public\index.php(44): CodeIgniter\CodeIgniter->run()
#5 C:\xampp\htdocs\pilotgamingindo\system\Commands\Server\rewrite.php(45): require_once('C:\\xampp\\htdocs...')
#6 {main}
CRITICAL - 2021-05-19 05:50:16 --> Undefined array key "password"
#0 C:\xampp\htdocs\pilotgamingindo\app\Controllers\Dashboard.php(314): CodeIgniter\Debug\Exceptions->errorHandler(2, 'Undefined array...', 'C:\\xampp\\htdocs...', 314)
#1 C:\xampp\htdocs\pilotgamingindo\system\CodeIgniter.php(936): App\Controllers\Dashboard->updatepassword('2')
#2 C:\xampp\htdocs\pilotgamingindo\system\CodeIgniter.php(432): CodeIgniter\CodeIgniter->runController(Object(App\Controllers\Dashboard))
#3 C:\xampp\htdocs\pilotgamingindo\system\CodeIgniter.php(333): CodeIgniter\CodeIgniter->handleRequest(NULL, Object(Config\Cache), false)
#4 C:\xampp\htdocs\pilotgamingindo\public\index.php(44): CodeIgniter\CodeIgniter->run()
#5 C:\xampp\htdocs\pilotgamingindo\system\Commands\Server\rewrite.php(45): require_once('C:\\xampp\\htdocs...')
#6 {main}
CRITICAL - 2021-05-19 05:50:17 --> Undefined array key "password"
#0 C:\xampp\htdocs\pilotgamingindo\app\Controllers\Dashboard.php(314): CodeIgniter\Debug\Exceptions->errorHandler(2, 'Undefined array...', 'C:\\xampp\\htdocs...', 314)
#1 C:\xampp\htdocs\pilotgamingindo\system\CodeIgniter.php(936): App\Controllers\Dashboard->updatepassword('2')
#2 C:\xampp\htdocs\pilotgamingindo\system\CodeIgniter.php(432): CodeIgniter\CodeIgniter->runController(Object(App\Controllers\Dashboard))
#3 C:\xampp\htdocs\pilotgamingindo\system\CodeIgniter.php(333): CodeIgniter\CodeIgniter->handleRequest(NULL, Object(Config\Cache), false)
#4 C:\xampp\htdocs\pilotgamingindo\public\index.php(44): CodeIgniter\CodeIgniter->run()
#5 C:\xampp\htdocs\pilotgamingindo\system\Commands\Server\rewrite.php(45): require_once('C:\\xampp\\htdocs...')
#6 {main}
CRITICAL - 2021-05-19 05:50:39 --> Undefined array key "password"
#0 C:\xampp\htdocs\pilotgamingindo\app\Controllers\Dashboard.php(314): CodeIgniter\Debug\Exceptions->errorHandler(2, 'Undefined array...', 'C:\\xampp\\htdocs...', 314)
#1 C:\xampp\htdocs\pilotgamingindo\system\CodeIgniter.php(936): App\Controllers\Dashboard->updatepassword('2')
#2 C:\xampp\htdocs\pilotgamingindo\system\CodeIgniter.php(432): CodeIgniter\CodeIgniter->runController(Object(App\Controllers\Dashboard))
#3 C:\xampp\htdocs\pilotgamingindo\system\CodeIgniter.php(333): CodeIgniter\CodeIgniter->handleRequest(NULL, Object(Config\Cache), false)
#4 C:\xampp\htdocs\pilotgamingindo\public\index.php(44): CodeIgniter\CodeIgniter->run()
#5 C:\xampp\htdocs\pilotgamingindo\system\Commands\Server\rewrite.php(45): require_once('C:\\xampp\\htdocs...')
#6 {main}
CRITICAL - 2021-05-19 05:50:40 --> Undefined array key "password"
#0 C:\xampp\htdocs\pilotgamingindo\app\Controllers\Dashboard.php(314): CodeIgniter\Debug\Exceptions->errorHandler(2, 'Undefined array...', 'C:\\xampp\\htdocs...', 314)
#1 C:\xampp\htdocs\pilotgamingindo\system\CodeIgniter.php(936): App\Controllers\Dashboard->updatepassword('2')
#2 C:\xampp\htdocs\pilotgamingindo\system\CodeIgniter.php(432): CodeIgniter\CodeIgniter->runController(Object(App\Controllers\Dashboard))
#3 C:\xampp\htdocs\pilotgamingindo\system\CodeIgniter.php(333): CodeIgniter\CodeIgniter->handleRequest(NULL, Object(Config\Cache), false)
#4 C:\xampp\htdocs\pilotgamingindo\public\index.php(44): CodeIgniter\CodeIgniter->run()
#5 C:\xampp\htdocs\pilotgamingindo\system\Commands\Server\rewrite.php(45): require_once('C:\\xampp\\htdocs...')
#6 {main}
CRITICAL - 2021-05-19 05:50:41 --> Undefined array key "password"
#0 C:\xampp\htdocs\pilotgamingindo\app\Controllers\Dashboard.php(314): CodeIgniter\Debug\Exceptions->errorHandler(2, 'Undefined array...', 'C:\\xampp\\htdocs...', 314)
#1 C:\xampp\htdocs\pilotgamingindo\system\CodeIgniter.php(936): App\Controllers\Dashboard->updatepassword('2')
#2 C:\xampp\htdocs\pilotgamingindo\system\CodeIgniter.php(432): CodeIgniter\CodeIgniter->runController(Object(App\Controllers\Dashboard))
#3 C:\xampp\htdocs\pilotgamingindo\system\CodeIgniter.php(333): CodeIgniter\CodeIgniter->handleRequest(NULL, Object(Config\Cache), false)
#4 C:\xampp\htdocs\pilotgamingindo\public\index.php(44): CodeIgniter\CodeIgniter->run()
#5 C:\xampp\htdocs\pilotgamingindo\system\Commands\Server\rewrite.php(45): require_once('C:\\xampp\\htdocs...')
#6 {main}
CRITICAL - 2021-05-19 05:50:42 --> Undefined array key "password"
#0 C:\xampp\htdocs\pilotgamingindo\app\Controllers\Dashboard.php(314): CodeIgniter\Debug\Exceptions->errorHandler(2, 'Undefined array...', 'C:\\xampp\\htdocs...', 314)
#1 C:\xampp\htdocs\pilotgamingindo\system\CodeIgniter.php(936): App\Controllers\Dashboard->updatepassword('2')
#2 C:\xampp\htdocs\pilotgamingindo\system\CodeIgniter.php(432): CodeIgniter\CodeIgniter->runController(Object(App\Controllers\Dashboard))
#3 C:\xampp\htdocs\pilotgamingindo\system\CodeIgniter.php(333): CodeIgniter\CodeIgniter->handleRequest(NULL, Object(Config\Cache), false)
#4 C:\xampp\htdocs\pilotgamingindo\public\index.php(44): CodeIgniter\CodeIgniter->run()
#5 C:\xampp\htdocs\pilotgamingindo\system\Commands\Server\rewrite.php(45): require_once('C:\\xampp\\htdocs...')
#6 {main}
CRITICAL - 2021-05-19 05:50:44 --> Undefined array key "password"
#0 C:\xampp\htdocs\pilotgamingindo\app\Controllers\Dashboard.php(314): CodeIgniter\Debug\Exceptions->errorHandler(2, 'Undefined array...', 'C:\\xampp\\htdocs...', 314)
#1 C:\xampp\htdocs\pilotgamingindo\system\CodeIgniter.php(936): App\Controllers\Dashboard->updatepassword('2')
#2 C:\xampp\htdocs\pilotgamingindo\system\CodeIgniter.php(432): CodeIgniter\CodeIgniter->runController(Object(App\Controllers\Dashboard))
#3 C:\xampp\htdocs\pilotgamingindo\system\CodeIgniter.php(333): CodeIgniter\CodeIgniter->handleRequest(NULL, Object(Config\Cache), false)
#4 C:\xampp\htdocs\pilotgamingindo\public\index.php(44): CodeIgniter\CodeIgniter->run()
#5 C:\xampp\htdocs\pilotgamingindo\system\Commands\Server\rewrite.php(45): require_once('C:\\xampp\\htdocs...')
#6 {main}
CRITICAL - 2021-05-19 05:50:50 --> Undefined array key "password"
#0 C:\xampp\htdocs\pilotgamingindo\app\Controllers\Dashboard.php(314): CodeIgniter\Debug\Exceptions->errorHandler(2, 'Undefined array...', 'C:\\xampp\\htdocs...', 314)
#1 C:\xampp\htdocs\pilotgamingindo\system\CodeIgniter.php(936): App\Controllers\Dashboard->updatepassword('2')
#2 C:\xampp\htdocs\pilotgamingindo\system\CodeIgniter.php(432): CodeIgniter\CodeIgniter->runController(Object(App\Controllers\Dashboard))
#3 C:\xampp\htdocs\pilotgamingindo\system\CodeIgniter.php(333): CodeIgniter\CodeIgniter->handleRequest(NULL, Object(Config\Cache), false)
#4 C:\xampp\htdocs\pilotgamingindo\public\index.php(44): CodeIgniter\CodeIgniter->run()
#5 C:\xampp\htdocs\pilotgamingindo\system\Commands\Server\rewrite.php(45): require_once('C:\\xampp\\htdocs...')
#6 {main}
CRITICAL - 2021-05-19 05:51:02 --> Undefined array key "password"
#0 C:\xampp\htdocs\pilotgamingindo\app\Controllers\Dashboard.php(314): CodeIgniter\Debug\Exceptions->errorHandler(2, 'Undefined array...', 'C:\\xampp\\htdocs...', 314)
#1 C:\xampp\htdocs\pilotgamingindo\system\CodeIgniter.php(936): App\Controllers\Dashboard->updatepassword('2')
#2 C:\xampp\htdocs\pilotgamingindo\system\CodeIgniter.php(432): CodeIgniter\CodeIgniter->runController(Object(App\Controllers\Dashboard))
#3 C:\xampp\htdocs\pilotgamingindo\system\CodeIgniter.php(333): CodeIgniter\CodeIgniter->handleRequest(NULL, Object(Config\Cache), false)
#4 C:\xampp\htdocs\pilotgamingindo\public\index.php(44): CodeIgniter\CodeIgniter->run()
#5 C:\xampp\htdocs\pilotgamingindo\system\Commands\Server\rewrite.php(45): require_once('C:\\xampp\\htdocs...')
#6 {main}
CRITICAL - 2021-05-19 05:51:18 --> Trying to access array offset on value of type null
#0 C:\xampp\htdocs\pilotgamingindo\app\Views\dashboard\editpassword.php(14): CodeIgniter\Debug\Exceptions->errorHandler(2, 'Trying to acces...', 'C:\\xampp\\htdocs...', 14)
#1 C:\xampp\htdocs\pilotgamingindo\system\View\View.php(220): include('C:\\xampp\\htdocs...')
#2 C:\xampp\htdocs\pilotgamingindo\system\View\View.php(222): CodeIgniter\View\View->CodeIgniter\View\{closure}()
#3 C:\xampp\htdocs\pilotgamingindo\system\Common.php(1217): CodeIgniter\View\View->render('dashboard/editp...', Array, true)
#4 C:\xampp\htdocs\pilotgamingindo\app\Controllers\Dashboard.php(294): view('dashboard/editp...', Array)
#5 C:\xampp\htdocs\pilotgamingindo\system\CodeIgniter.php(936): App\Controllers\Dashboard->editpassword('Dashboard', 'updatepassword', '2')
#6 C:\xampp\htdocs\pilotgamingindo\system\CodeIgniter.php(432): CodeIgniter\CodeIgniter->runController(Object(App\Controllers\Dashboard))
#7 C:\xampp\htdocs\pilotgamingindo\system\CodeIgniter.php(333): CodeIgniter\CodeIgniter->handleRequest(NULL, Object(Config\Cache), false)
#8 C:\xampp\htdocs\pilotgamingindo\public\index.php(44): CodeIgniter\CodeIgniter->run()
#9 C:\xampp\htdocs\pilotgamingindo\system\Commands\Server\rewrite.php(45): require_once('C:\\xampp\\htdocs...')
#10 {main}
CRITICAL - 2021-05-19 05:51:30 --> Trying to access array offset on value of type null
#0 C:\xampp\htdocs\pilotgamingindo\app\Views\dashboard\editpassword.php(14): CodeIgniter\Debug\Exceptions->errorHandler(2, 'Trying to acces...', 'C:\\xampp\\htdocs...', 14)
#1 C:\xampp\htdocs\pilotgamingindo\system\View\View.php(220): include('C:\\xampp\\htdocs...')
#2 C:\xampp\htdocs\pilotgamingindo\system\View\View.php(222): CodeIgniter\View\View->CodeIgniter\View\{closure}()
#3 C:\xampp\htdocs\pilotgamingindo\system\Common.php(1217): CodeIgniter\View\View->render('dashboard/editp...', Array, true)
#4 C:\xampp\htdocs\pilotgamingindo\app\Controllers\Dashboard.php(294): view('dashboard/editp...', Array)
#5 C:\xampp\htdocs\pilotgamingindo\system\CodeIgniter.php(936): App\Controllers\Dashboard->editpassword('Dashboard', 'updatepassword', '2')
#6 C:\xampp\htdocs\pilotgamingindo\system\CodeIgniter.php(432): CodeIgniter\CodeIgniter->runController(Object(App\Controllers\Dashboard))
#7 C:\xampp\htdocs\pilotgamingindo\system\CodeIgniter.php(333): CodeIgniter\CodeIgniter->handleRequest(NULL, Object(Config\Cache), false)
#8 C:\xampp\htdocs\pilotgamingindo\public\index.php(44): CodeIgniter\CodeIgniter->run()
#9 C:\xampp\htdocs\pilotgamingindo\system\Commands\Server\rewrite.php(45): require_once('C:\\xampp\\htdocs...')
#10 {main}
CRITICAL - 2021-05-19 05:51:34 --> Undefined array key "password"
#0 C:\xampp\htdocs\pilotgamingindo\app\Controllers\Dashboard.php(314): CodeIgniter\Debug\Exceptions->errorHandler(2, 'Undefined array...', 'C:\\xampp\\htdocs...', 314)
#1 C:\xampp\htdocs\pilotgamingindo\system\CodeIgniter.php(936): App\Controllers\Dashboard->updatepassword('2')
#2 C:\xampp\htdocs\pilotgamingindo\system\CodeIgniter.php(432): CodeIgniter\CodeIgniter->runController(Object(App\Controllers\Dashboard))
#3 C:\xampp\htdocs\pilotgamingindo\system\CodeIgniter.php(333): CodeIgniter\CodeIgniter->handleRequest(NULL, Object(Config\Cache), false)
#4 C:\xampp\htdocs\pilotgamingindo\public\index.php(44): CodeIgniter\CodeIgniter->run()
#5 C:\xampp\htdocs\pilotgamingindo\system\Commands\Server\rewrite.php(45): require_once('C:\\xampp\\htdocs...')
#6 {main}
CRITICAL - 2021-05-19 05:51:38 --> Undefined array key "password"
#0 C:\xampp\htdocs\pilotgamingindo\app\Controllers\Dashboard.php(314): CodeIgniter\Debug\Exceptions->errorHandler(2, 'Undefined array...', 'C:\\xampp\\htdocs...', 314)
#1 C:\xampp\htdocs\pilotgamingindo\system\CodeIgniter.php(936): App\Controllers\Dashboard->updatepassword('2')
#2 C:\xampp\htdocs\pilotgamingindo\system\CodeIgniter.php(432): CodeIgniter\CodeIgniter->runController(Object(App\Controllers\Dashboard))
#3 C:\xampp\htdocs\pilotgamingindo\system\CodeIgniter.php(333): CodeIgniter\CodeIgniter->handleRequest(NULL, Object(Config\Cache), false)
#4 C:\xampp\htdocs\pilotgamingindo\public\index.php(44): CodeIgniter\CodeIgniter->run()
#5 C:\xampp\htdocs\pilotgamingindo\system\Commands\Server\rewrite.php(45): require_once('C:\\xampp\\htdocs...')
#6 {main}
CRITICAL - 2021-05-19 05:51:39 --> Undefined array key "password"
#0 C:\xampp\htdocs\pilotgamingindo\app\Controllers\Dashboard.php(314): CodeIgniter\Debug\Exceptions->errorHandler(2, 'Undefined array...', 'C:\\xampp\\htdocs...', 314)
#1 C:\xampp\htdocs\pilotgamingindo\system\CodeIgniter.php(936): App\Controllers\Dashboard->updatepassword('2')
#2 C:\xampp\htdocs\pilotgamingindo\system\CodeIgniter.php(432): CodeIgniter\CodeIgniter->runController(Object(App\Controllers\Dashboard))
#3 C:\xampp\htdocs\pilotgamingindo\system\CodeIgniter.php(333): CodeIgniter\CodeIgniter->handleRequest(NULL, Object(Config\Cache), false)
#4 C:\xampp\htdocs\pilotgamingindo\public\index.php(44): CodeIgniter\CodeIgniter->run()
#5 C:\xampp\htdocs\pilotgamingindo\system\Commands\Server\rewrite.php(45): require_once('C:\\xampp\\htdocs...')
#6 {main}
CRITICAL - 2021-05-19 05:51:40 --> Undefined array key "password"
#0 C:\xampp\htdocs\pilotgamingindo\app\Controllers\Dashboard.php(314): CodeIgniter\Debug\Exceptions->errorHandler(2, 'Undefined array...', 'C:\\xampp\\htdocs...', 314)
#1 C:\xampp\htdocs\pilotgamingindo\system\CodeIgniter.php(936): App\Controllers\Dashboard->updatepassword('2')
#2 C:\xampp\htdocs\pilotgamingindo\system\CodeIgniter.php(432): CodeIgniter\CodeIgniter->runController(Object(App\Controllers\Dashboard))
#3 C:\xampp\htdocs\pilotgamingindo\system\CodeIgniter.php(333): CodeIgniter\CodeIgniter->handleRequest(NULL, Object(Config\Cache), false)
#4 C:\xampp\htdocs\pilotgamingindo\public\index.php(44): CodeIgniter\CodeIgniter->run()
#5 C:\xampp\htdocs\pilotgamingindo\system\Commands\Server\rewrite.php(45): require_once('C:\\xampp\\htdocs...')
#6 {main}
CRITICAL - 2021-05-19 05:51:41 --> Undefined array key "password"
#0 C:\xampp\htdocs\pilotgamingindo\app\Controllers\Dashboard.php(314): CodeIgniter\Debug\Exceptions->errorHandler(2, 'Undefined array...', 'C:\\xampp\\htdocs...', 314)
#1 C:\xampp\htdocs\pilotgamingindo\system\CodeIgniter.php(936): App\Controllers\Dashboard->updatepassword('2')
#2 C:\xampp\htdocs\pilotgamingindo\system\CodeIgniter.php(432): CodeIgniter\CodeIgniter->runController(Object(App\Controllers\Dashboard))
#3 C:\xampp\htdocs\pilotgamingindo\system\CodeIgniter.php(333): CodeIgniter\CodeIgniter->handleRequest(NULL, Object(Config\Cache), false)
#4 C:\xampp\htdocs\pilotgamingindo\public\index.php(44): CodeIgniter\CodeIgniter->run()
#5 C:\xampp\htdocs\pilotgamingindo\system\Commands\Server\rewrite.php(45): require_once('C:\\xampp\\htdocs...')
#6 {main}
CRITICAL - 2021-05-19 05:52:09 --> Too few arguments to function App\Controllers\Dashboard::editpassword(), 0 passed in C:\xampp\htdocs\pilotgamingindo\system\CodeIgniter.php on line 936 and exactly 1 expected
#0 C:\xampp\htdocs\pilotgamingindo\system\CodeIgniter.php(936): App\Controllers\Dashboard->editpassword()
#1 C:\xampp\htdocs\pilotgamingindo\system\CodeIgniter.php(432): CodeIgniter\CodeIgniter->runController(Object(App\Controllers\Dashboard))
#2 C:\xampp\htdocs\pilotgamingindo\system\CodeIgniter.php(333): CodeIgniter\CodeIgniter->handleRequest(NULL, Object(Config\Cache), false)
#3 C:\xampp\htdocs\pilotgamingindo\public\index.php(44): CodeIgniter\CodeIgniter->run()
#4 C:\xampp\htdocs\pilotgamingindo\system\Commands\Server\rewrite.php(45): require_once('C:\\xampp\\htdocs...')
#5 {main}
CRITICAL - 2021-05-19 05:52:24 --> Undefined array key "password"
#0 C:\xampp\htdocs\pilotgamingindo\app\Controllers\Dashboard.php(314): CodeIgniter\Debug\Exceptions->errorHandler(2, 'Undefined array...', 'C:\\xampp\\htdocs...', 314)
#1 C:\xampp\htdocs\pilotgamingindo\system\CodeIgniter.php(936): App\Controllers\Dashboard->updatepassword('2')
#2 C:\xampp\htdocs\pilotgamingindo\system\CodeIgniter.php(432): CodeIgniter\CodeIgniter->runController(Object(App\Controllers\Dashboard))
#3 C:\xampp\htdocs\pilotgamingindo\system\CodeIgniter.php(333): CodeIgniter\CodeIgniter->handleRequest(NULL, Object(Config\Cache), false)
#4 C:\xampp\htdocs\pilotgamingindo\public\index.php(44): CodeIgniter\CodeIgniter->run()
#5 C:\xampp\htdocs\pilotgamingindo\system\Commands\Server\rewrite.php(45): require_once('C:\\xampp\\htdocs...')
#6 {main}
CRITICAL - 2021-05-19 05:57:26 --> Undefined array key "password"
#0 C:\xampp\htdocs\pilotgamingindo\app\Controllers\Dashboard.php(314): CodeIgniter\Debug\Exceptions->errorHandler(2, 'Undefined array...', 'C:\\xampp\\htdocs...', 314)
#1 C:\xampp\htdocs\pilotgamingindo\system\CodeIgniter.php(936): App\Controllers\Dashboard->updatepassword('2')
#2 C:\xampp\htdocs\pilotgamingindo\system\CodeIgniter.php(432): CodeIgniter\CodeIgniter->runController(Object(App\Controllers\Dashboard))
#3 C:\xampp\htdocs\pilotgamingindo\system\CodeIgniter.php(333): CodeIgniter\CodeIgniter->handleRequest(NULL, Object(Config\Cache), false)
#4 C:\xampp\htdocs\pilotgamingindo\public\index.php(44): CodeIgniter\CodeIgniter->run()
#5 C:\xampp\htdocs\pilotgamingindo\system\Commands\Server\rewrite.php(45): require_once('C:\\xampp\\htdocs...')
#6 {main}
CRITICAL - 2021-05-19 05:59:53 --> Undefined array key "password"
#0 C:\xampp\htdocs\pilotgamingindo\app\Controllers\Dashboard.php(315): CodeIgniter\Debug\Exceptions->errorHandler(2, 'Undefined array...', 'C:\\xampp\\htdocs...', 315)
#1 C:\xampp\htdocs\pilotgamingindo\system\CodeIgniter.php(936): App\Controllers\Dashboard->updatepassword('2')
#2 C:\xampp\htdocs\pilotgamingindo\system\CodeIgniter.php(432): CodeIgniter\CodeIgniter->runController(Object(App\Controllers\Dashboard))
#3 C:\xampp\htdocs\pilotgamingindo\system\CodeIgniter.php(333): CodeIgniter\CodeIgniter->handleRequest(NULL, Object(Config\Cache), false)
#4 C:\xampp\htdocs\pilotgamingindo\public\index.php(44): CodeIgniter\CodeIgniter->run()
#5 C:\xampp\htdocs\pilotgamingindo\system\Commands\Server\rewrite.php(45): require_once('C:\\xampp\\htdocs...')
#6 {main}
CRITICAL - 2021-05-19 06:07:44 --> Undefined array key "password"
#0 C:\xampp\htdocs\pilotgamingindo\app\Controllers\Dashboard.php(315): CodeIgniter\Debug\Exceptions->errorHandler(2, 'Undefined array...', 'C:\\xampp\\htdocs...', 315)
#1 C:\xampp\htdocs\pilotgamingindo\system\CodeIgniter.php(936): App\Controllers\Dashboard->updatepassword('2')
#2 C:\xampp\htdocs\pilotgamingindo\system\CodeIgniter.php(432): CodeIgniter\CodeIgniter->runController(Object(App\Controllers\Dashboard))
#3 C:\xampp\htdocs\pilotgamingindo\system\CodeIgniter.php(333): CodeIgniter\CodeIgniter->handleRequest(NULL, Object(Config\Cache), false)
#4 C:\xampp\htdocs\pilotgamingindo\public\index.php(44): CodeIgniter\CodeIgniter->run()
#5 C:\xampp\htdocs\pilotgamingindo\system\Commands\Server\rewrite.php(45): require_once('C:\\xampp\\htdocs...')
#6 {main}
CRITICAL - 2021-05-19 06:50:09 --> Undefined array key "password"
#0 C:\xampp\htdocs\pilotgamingindo\app\Controllers\Dashboard.php(315): CodeIgniter\Debug\Exceptions->errorHandler(2, 'Undefined array...', 'C:\\xampp\\htdocs...', 315)
#1 C:\xampp\htdocs\pilotgamingindo\system\CodeIgniter.php(936): App\Controllers\Dashboard->updatepassword('6')
#2 C:\xampp\htdocs\pilotgamingindo\system\CodeIgniter.php(432): CodeIgniter\CodeIgniter->runController(Object(App\Controllers\Dashboard))
#3 C:\xampp\htdocs\pilotgamingindo\system\CodeIgniter.php(333): CodeIgniter\CodeIgniter->handleRequest(NULL, Object(Config\Cache), false)
#4 C:\xampp\htdocs\pilotgamingindo\public\index.php(44): CodeIgniter\CodeIgniter->run()
#5 C:\xampp\htdocs\pilotgamingindo\system\Commands\Server\rewrite.php(45): require_once('C:\\xampp\\htdocs...')
#6 {main}
CRITICAL - 2021-05-19 06:53:56 --> Invalid file: dashboard/detail/editpassword.php
#0 C:\xampp\htdocs\pilotgamingindo\system\View\View.php(203): CodeIgniter\Exceptions\FrameworkException::forInvalidFile('dashboard/detai...')
#1 C:\xampp\htdocs\pilotgamingindo\system\Common.php(1217): CodeIgniter\View\View->render('dashboard/detai...', Array, true)
#2 C:\xampp\htdocs\pilotgamingindo\app\Controllers\Dashboard.php(292): view('dashboard/detai...', Array)
#3 C:\xampp\htdocs\pilotgamingindo\system\CodeIgniter.php(936): App\Controllers\Dashboard->editpassword('asd')
#4 C:\xampp\htdocs\pilotgamingindo\system\CodeIgniter.php(432): CodeIgniter\CodeIgniter->runController(Object(App\Controllers\Dashboard))
#5 C:\xampp\htdocs\pilotgamingindo\system\CodeIgniter.php(333): CodeIgniter\CodeIgniter->handleRequest(NULL, Object(Config\Cache), false)
#6 C:\xampp\htdocs\pilotgamingindo\public\index.php(44): CodeIgniter\CodeIgniter->run()
#7 C:\xampp\htdocs\pilotgamingindo\system\Commands\Server\rewrite.php(45): require_once('C:\\xampp\\htdocs...')
#8 {main}
CRITICAL - 2021-05-19 06:54:00 --> Invalid file: dashboard/detail/editpassword.php
#0 C:\xampp\htdocs\pilotgamingindo\system\View\View.php(203): CodeIgniter\Exceptions\FrameworkException::forInvalidFile('dashboard/detai...')
#1 C:\xampp\htdocs\pilotgamingindo\system\Common.php(1217): CodeIgniter\View\View->render('dashboard/detai...', Array, true)
#2 C:\xampp\htdocs\pilotgamingindo\app\Controllers\Dashboard.php(292): view('dashboard/detai...', Array)
#3 C:\xampp\htdocs\pilotgamingindo\system\CodeIgniter.php(936): App\Controllers\Dashboard->editpassword('asd')
#4 C:\xampp\htdocs\pilotgamingindo\system\CodeIgniter.php(432): CodeIgniter\CodeIgniter->runController(Object(App\Controllers\Dashboard))
#5 C:\xampp\htdocs\pilotgamingindo\system\CodeIgniter.php(333): CodeIgniter\CodeIgniter->handleRequest(NULL, Object(Config\Cache), false)
#6 C:\xampp\htdocs\pilotgamingindo\public\index.php(44): CodeIgniter\CodeIgniter->run()
#7 C:\xampp\htdocs\pilotgamingindo\system\Commands\Server\rewrite.php(45): require_once('C:\\xampp\\htdocs...')
#8 {main}
CRITICAL - 2021-05-19 06:55:09 --> Undefined array key "password"
#0 C:\xampp\htdocs\pilotgamingindo\app\Controllers\Dashboard.php(311): CodeIgniter\Debug\Exceptions->errorHandler(2, 'Undefined array...', 'C:\\xampp\\htdocs...', 311)
#1 C:\xampp\htdocs\pilotgamingindo\system\CodeIgniter.php(936): App\Controllers\Dashboard->updatepassword('6')
#2 C:\xampp\htdocs\pilotgamingindo\system\CodeIgniter.php(432): CodeIgniter\CodeIgniter->runController(Object(App\Controllers\Dashboard))
#3 C:\xampp\htdocs\pilotgamingindo\system\CodeIgniter.php(333): CodeIgniter\CodeIgniter->handleRequest(NULL, Object(Config\Cache), false)
#4 C:\xampp\htdocs\pilotgamingindo\public\index.php(44): CodeIgniter\CodeIgniter->run()
#5 C:\xampp\htdocs\pilotgamingindo\system\Commands\Server\rewrite.php(45): require_once('C:\\xampp\\htdocs...')
#6 {main}
CRITICAL - 2021-05-19 06:56:08 --> Undefined array key "password"
#0 C:\xampp\htdocs\pilotgamingindo\app\Controllers\Dashboard.php(311): CodeIgniter\Debug\Exceptions->errorHandler(2, 'Undefined array...', 'C:\\xampp\\htdocs...', 311)
#1 C:\xampp\htdocs\pilotgamingindo\system\CodeIgniter.php(936): App\Controllers\Dashboard->updatepassword('6')
#2 C:\xampp\htdocs\pilotgamingindo\system\CodeIgniter.php(432): CodeIgniter\CodeIgniter->runController(Object(App\Controllers\Dashboard))
#3 C:\xampp\htdocs\pilotgamingindo\system\CodeIgniter.php(333): CodeIgniter\CodeIgniter->handleRequest(NULL, Object(Config\Cache), false)
#4 C:\xampp\htdocs\pilotgamingindo\public\index.php(44): CodeIgniter\CodeIgniter->run()
#5 C:\xampp\htdocs\pilotgamingindo\system\Commands\Server\rewrite.php(45): require_once('C:\\xampp\\htdocs...')
#6 {main}
CRITICAL - 2021-05-19 06:56:40 --> Undefined property: stdClass::$role
#0 C:\xampp\htdocs\pilotgamingindo\app\Helpers\sis_helper.php(13): CodeIgniter\Debug\Exceptions->errorHandler(2, 'Undefined prope...', 'C:\\xampp\\htdocs...', 13)
#1 C:\xampp\htdocs\pilotgamingindo\app\Views\dashboard\editpassword.php(1): allow('master')
#2 C:\xampp\htdocs\pilotgamingindo\system\View\View.php(220): include('C:\\xampp\\htdocs...')
#3 C:\xampp\htdocs\pilotgamingindo\system\View\View.php(222): CodeIgniter\View\View->CodeIgniter\View\{closure}()
#4 C:\xampp\htdocs\pilotgamingindo\system\Common.php(1217): CodeIgniter\View\View->render('dashboard/editp...', Array, true)
#5 C:\xampp\htdocs\pilotgamingindo\app\Controllers\Dashboard.php(292): view('dashboard/editp...', Array)
#6 C:\xampp\htdocs\pilotgamingindo\system\CodeIgniter.php(936): App\Controllers\Dashboard->editpassword('asd')
#7 C:\xampp\htdocs\pilotgamingindo\system\CodeIgniter.php(432): CodeIgniter\CodeIgniter->runController(Object(App\Controllers\Dashboard))
#8 C:\xampp\htdocs\pilotgamingindo\system\CodeIgniter.php(333): CodeIgniter\CodeIgniter->handleRequest(NULL, Object(Config\Cache), false)
#9 C:\xampp\htdocs\pilotgamingindo\public\index.php(44): CodeIgniter\CodeIgniter->run()
#10 C:\xampp\htdocs\pilotgamingindo\system\Commands\Server\rewrite.php(45): require_once('C:\\xampp\\htdocs...')
#11 {main}
CRITICAL - 2021-05-19 06:58:22 --> Undefined array key "password"
#0 C:\xampp\htdocs\pilotgamingindo\app\Controllers\Dashboard.php(311): CodeIgniter\Debug\Exceptions->errorHandler(2, 'Undefined array...', 'C:\\xampp\\htdocs...', 311)
#1 C:\xampp\htdocs\pilotgamingindo\system\CodeIgniter.php(936): App\Controllers\Dashboard->updatepassword('6')
#2 C:\xampp\htdocs\pilotgamingindo\system\CodeIgniter.php(432): CodeIgniter\CodeIgniter->runController(Object(App\Controllers\Dashboard))
#3 C:\xampp\htdocs\pilotgamingindo\system\CodeIgniter.php(333): CodeIgniter\CodeIgniter->handleRequest(NULL, Object(Config\Cache), false)
#4 C:\xampp\htdocs\pilotgamingindo\public\index.php(44): CodeIgniter\CodeIgniter->run()
#5 C:\xampp\htdocs\pilotgamingindo\system\Commands\Server\rewrite.php(45): require_once('C:\\xampp\\htdocs...')
#6 {main}
