CRITICAL - 2021-10-07 05:17:34 --> Undefined array key "stock"
#0 C:\xampp\htdocs\pustakabangsa\app\Views\home\librarydetail.php(111): CodeIgniter\Debug\Exceptions->errorHandler(2, 'Undefined array...', 'C:\\xampp\\htdocs...', 111)
#1 C:\xampp\htdocs\pustakabangsa\system\View\View.php(220): include('C:\\xampp\\htdocs...')
#2 C:\xampp\htdocs\pustakabangsa\system\View\View.php(222): CodeIgniter\View\View->CodeIgniter\View\{closure}()
#3 C:\xampp\htdocs\pustakabangsa\system\Common.php(1217): CodeIgniter\View\View->render('home/librarydet...', Array, true)
#4 C:\xampp\htdocs\pustakabangsa\app\Controllers\Book.php(55): view('home/librarydet...', Array)
#5 C:\xampp\htdocs\pustakabangsa\system\CodeIgniter.php(936): App\Controllers\Book->librarydetail('pemrograman-das...')
#6 C:\xampp\htdocs\pustakabangsa\system\CodeIgniter.php(432): CodeIgniter\CodeIgniter->runController(Object(App\Controllers\Book))
#7 C:\xampp\htdocs\pustakabangsa\system\CodeIgniter.php(333): CodeIgniter\CodeIgniter->handleRequest(NULL, Object(Config\Cache), false)
#8 C:\xampp\htdocs\pustakabangsa\public\index.php(44): CodeIgniter\CodeIgniter->run()
#9 C:\xampp\htdocs\pustakabangsa\system\Commands\Server\rewrite.php(45): require_once('C:\\xampp\\htdocs...')
#10 {main}
CRITICAL - 2021-10-07 05:17:41 --> Undefined array key "stock"
#0 C:\xampp\htdocs\pustakabangsa\app\Views\home\librarydetail.php(111): CodeIgniter\Debug\Exceptions->errorHandler(2, 'Undefined array...', 'C:\\xampp\\htdocs...', 111)
#1 C:\xampp\htdocs\pustakabangsa\system\View\View.php(220): include('C:\\xampp\\htdocs...')
#2 C:\xampp\htdocs\pustakabangsa\system\View\View.php(222): CodeIgniter\View\View->CodeIgniter\View\{closure}()
#3 C:\xampp\htdocs\pustakabangsa\system\Common.php(1217): CodeIgniter\View\View->render('home/librarydet...', Array, true)
#4 C:\xampp\htdocs\pustakabangsa\app\Controllers\Book.php(55): view('home/librarydet...', Array)
#5 C:\xampp\htdocs\pustakabangsa\system\CodeIgniter.php(936): App\Controllers\Book->librarydetail('semua-bisa-menj...')
#6 C:\xampp\htdocs\pustakabangsa\system\CodeIgniter.php(432): CodeIgniter\CodeIgniter->runController(Object(App\Controllers\Book))
#7 C:\xampp\htdocs\pustakabangsa\system\CodeIgniter.php(333): CodeIgniter\CodeIgniter->handleRequest(NULL, Object(Config\Cache), false)
#8 C:\xampp\htdocs\pustakabangsa\public\index.php(44): CodeIgniter\CodeIgniter->run()
#9 C:\xampp\htdocs\pustakabangsa\system\Commands\Server\rewrite.php(45): require_once('C:\\xampp\\htdocs...')
#10 {main}
CRITICAL - 2021-10-07 06:41:16 --> Undefined array key "stock"
#0 C:\xampp\htdocs\pustakabangsa\app\Views\home\librarydetail.php(111): CodeIgniter\Debug\Exceptions->errorHandler(2, 'Undefined array...', 'C:\\xampp\\htdocs...', 111)
#1 C:\xampp\htdocs\pustakabangsa\system\View\View.php(220): include('C:\\xampp\\htdocs...')
#2 C:\xampp\htdocs\pustakabangsa\system\View\View.php(222): CodeIgniter\View\View->CodeIgniter\View\{closure}()
#3 C:\xampp\htdocs\pustakabangsa\system\Common.php(1217): CodeIgniter\View\View->render('home/librarydet...', Array, true)
#4 C:\xampp\htdocs\pustakabangsa\app\Controllers\Book.php(55): view('home/librarydet...', Array)
#5 C:\xampp\htdocs\pustakabangsa\system\CodeIgniter.php(936): App\Controllers\Book->librarydetail('pemrograman-das...')
#6 C:\xampp\htdocs\pustakabangsa\system\CodeIgniter.php(432): CodeIgniter\CodeIgniter->runController(Object(App\Controllers\Book))
#7 C:\xampp\htdocs\pustakabangsa\system\CodeIgniter.php(333): CodeIgniter\CodeIgniter->handleRequest(NULL, Object(Config\Cache), false)
#8 C:\xampp\htdocs\pustakabangsa\public\index.php(44): CodeIgniter\CodeIgniter->run()
#9 C:\xampp\htdocs\pustakabangsa\system\Commands\Server\rewrite.php(45): require_once('C:\\xampp\\htdocs...')
#10 {main}
CRITICAL - 2021-10-07 07:02:53 --> Undefined array key "stock"
#0 C:\xampp\htdocs\pustakabangsa\app\Views\library\index.php(32): CodeIgniter\Debug\Exceptions->errorHandler(2, 'Undefined array...', 'C:\\xampp\\htdocs...', 32)
#1 C:\xampp\htdocs\pustakabangsa\system\View\View.php(220): include('C:\\xampp\\htdocs...')
#2 C:\xampp\htdocs\pustakabangsa\system\View\View.php(222): CodeIgniter\View\View->CodeIgniter\View\{closure}()
#3 C:\xampp\htdocs\pustakabangsa\system\Common.php(1217): CodeIgniter\View\View->render('library/index', Array, true)
#4 C:\xampp\htdocs\pustakabangsa\app\Controllers\Library.php(39): view('library/index', Array)
#5 C:\xampp\htdocs\pustakabangsa\system\CodeIgniter.php(936): App\Controllers\Library->index()
#6 C:\xampp\htdocs\pustakabangsa\system\CodeIgniter.php(432): CodeIgniter\CodeIgniter->runController(Object(App\Controllers\Library))
#7 C:\xampp\htdocs\pustakabangsa\system\CodeIgniter.php(333): CodeIgniter\CodeIgniter->handleRequest(NULL, Object(Config\Cache), false)
#8 C:\xampp\htdocs\pustakabangsa\public\index.php(44): CodeIgniter\CodeIgniter->run()
#9 C:\xampp\htdocs\pustakabangsa\system\Commands\Server\rewrite.php(45): require_once('C:\\xampp\\htdocs...')
#10 {main}
CRITICAL - 2021-10-07 07:02:58 --> Undefined array key "stock"
#0 C:\xampp\htdocs\pustakabangsa\app\Views\library\index.php(32): CodeIgniter\Debug\Exceptions->errorHandler(2, 'Undefined array...', 'C:\\xampp\\htdocs...', 32)
#1 C:\xampp\htdocs\pustakabangsa\system\View\View.php(220): include('C:\\xampp\\htdocs...')
#2 C:\xampp\htdocs\pustakabangsa\system\View\View.php(222): CodeIgniter\View\View->CodeIgniter\View\{closure}()
#3 C:\xampp\htdocs\pustakabangsa\system\Common.php(1217): CodeIgniter\View\View->render('library/index', Array, true)
#4 C:\xampp\htdocs\pustakabangsa\app\Controllers\Library.php(39): view('library/index', Array)
#5 C:\xampp\htdocs\pustakabangsa\system\CodeIgniter.php(936): App\Controllers\Library->index()
#6 C:\xampp\htdocs\pustakabangsa\system\CodeIgniter.php(432): CodeIgniter\CodeIgniter->runController(Object(App\Controllers\Library))
#7 C:\xampp\htdocs\pustakabangsa\system\CodeIgniter.php(333): CodeIgniter\CodeIgniter->handleRequest(NULL, Object(Config\Cache), false)
#8 C:\xampp\htdocs\pustakabangsa\public\index.php(44): CodeIgniter\CodeIgniter->run()
#9 C:\xampp\htdocs\pustakabangsa\system\Commands\Server\rewrite.php(45): require_once('C:\\xampp\\htdocs...')
#10 {main}
CRITICAL - 2021-10-07 07:04:03 --> Undefined array key "stock"
#0 C:\xampp\htdocs\pustakabangsa\app\Views\library\index.php(32): CodeIgniter\Debug\Exceptions->errorHandler(2, 'Undefined array...', 'C:\\xampp\\htdocs...', 32)
#1 C:\xampp\htdocs\pustakabangsa\system\View\View.php(220): include('C:\\xampp\\htdocs...')
#2 C:\xampp\htdocs\pustakabangsa\system\View\View.php(222): CodeIgniter\View\View->CodeIgniter\View\{closure}()
#3 C:\xampp\htdocs\pustakabangsa\system\Common.php(1217): CodeIgniter\View\View->render('library/index', Array, true)
#4 C:\xampp\htdocs\pustakabangsa\app\Controllers\Library.php(39): view('library/index', Array)
#5 C:\xampp\htdocs\pustakabangsa\system\CodeIgniter.php(936): App\Controllers\Library->index()
#6 C:\xampp\htdocs\pustakabangsa\system\CodeIgniter.php(432): CodeIgniter\CodeIgniter->runController(Object(App\Controllers\Library))
#7 C:\xampp\htdocs\pustakabangsa\system\CodeIgniter.php(333): CodeIgniter\CodeIgniter->handleRequest(NULL, Object(Config\Cache), false)
#8 C:\xampp\htdocs\pustakabangsa\public\index.php(44): CodeIgniter\CodeIgniter->run()
#9 C:\xampp\htdocs\pustakabangsa\system\Commands\Server\rewrite.php(45): require_once('C:\\xampp\\htdocs...')
#10 {main}
CRITICAL - 2021-10-07 07:04:10 --> Undefined array key "stock"
#0 C:\xampp\htdocs\pustakabangsa\app\Views\library\index.php(32): CodeIgniter\Debug\Exceptions->errorHandler(2, 'Undefined array...', 'C:\\xampp\\htdocs...', 32)
#1 C:\xampp\htdocs\pustakabangsa\system\View\View.php(220): include('C:\\xampp\\htdocs...')
#2 C:\xampp\htdocs\pustakabangsa\system\View\View.php(222): CodeIgniter\View\View->CodeIgniter\View\{closure}()
#3 C:\xampp\htdocs\pustakabangsa\system\Common.php(1217): CodeIgniter\View\View->render('library/index', Array, true)
#4 C:\xampp\htdocs\pustakabangsa\app\Controllers\Library.php(39): view('library/index', Array)
#5 C:\xampp\htdocs\pustakabangsa\system\CodeIgniter.php(936): App\Controllers\Library->index()
#6 C:\xampp\htdocs\pustakabangsa\system\CodeIgniter.php(432): CodeIgniter\CodeIgniter->runController(Object(App\Controllers\Library))
#7 C:\xampp\htdocs\pustakabangsa\system\CodeIgniter.php(333): CodeIgniter\CodeIgniter->handleRequest(NULL, Object(Config\Cache), false)
#8 C:\xampp\htdocs\pustakabangsa\public\index.php(44): CodeIgniter\CodeIgniter->run()
#9 C:\xampp\htdocs\pustakabangsa\system\Commands\Server\rewrite.php(45): require_once('C:\\xampp\\htdocs...')
#10 {main}
CRITICAL - 2021-10-07 08:38:58 --> Undefined array key "nama"
#0 C:\xampp\htdocs\pustakabangsa\app\Views\home\home.php(405): CodeIgniter\Debug\Exceptions->errorHandler(2, 'Undefined array...', 'C:\\xampp\\htdocs...', 405)
#1 C:\xampp\htdocs\pustakabangsa\system\View\View.php(220): include('C:\\xampp\\htdocs...')
#2 C:\xampp\htdocs\pustakabangsa\system\View\View.php(222): CodeIgniter\View\View->CodeIgniter\View\{closure}()
#3 C:\xampp\htdocs\pustakabangsa\system\Common.php(1217): CodeIgniter\View\View->render('home/home', Array, true)
#4 C:\xampp\htdocs\pustakabangsa\app\Controllers\Home.php(51): view('home/home', Array)
#5 C:\xampp\htdocs\pustakabangsa\system\CodeIgniter.php(936): App\Controllers\Home->home()
#6 C:\xampp\htdocs\pustakabangsa\system\CodeIgniter.php(432): CodeIgniter\CodeIgniter->runController(Object(App\Controllers\Home))
#7 C:\xampp\htdocs\pustakabangsa\system\CodeIgniter.php(333): CodeIgniter\CodeIgniter->handleRequest(NULL, Object(Config\Cache), false)
#8 C:\xampp\htdocs\pustakabangsa\public\index.php(44): CodeIgniter\CodeIgniter->run()
#9 C:\xampp\htdocs\pustakabangsa\system\Commands\Server\rewrite.php(45): require_once('C:\\xampp\\htdocs...')
#10 {main}
CRITICAL - 2021-10-07 08:40:18 --> Undefined array key "linkedin"
#0 C:\xampp\htdocs\pustakabangsa\app\Views\home\home.php(412): CodeIgniter\Debug\Exceptions->errorHandler(2, 'Undefined array...', 'C:\\xampp\\htdocs...', 412)
#1 C:\xampp\htdocs\pustakabangsa\system\View\View.php(220): include('C:\\xampp\\htdocs...')
#2 C:\xampp\htdocs\pustakabangsa\system\View\View.php(222): CodeIgniter\View\View->CodeIgniter\View\{closure}()
#3 C:\xampp\htdocs\pustakabangsa\system\Common.php(1217): CodeIgniter\View\View->render('home/home', Array, true)
#4 C:\xampp\htdocs\pustakabangsa\app\Controllers\Home.php(51): view('home/home', Array)
#5 C:\xampp\htdocs\pustakabangsa\system\CodeIgniter.php(936): App\Controllers\Home->home()
#6 C:\xampp\htdocs\pustakabangsa\system\CodeIgniter.php(432): CodeIgniter\CodeIgniter->runController(Object(App\Controllers\Home))
#7 C:\xampp\htdocs\pustakabangsa\system\CodeIgniter.php(333): CodeIgniter\CodeIgniter->handleRequest(NULL, Object(Config\Cache), false)
#8 C:\xampp\htdocs\pustakabangsa\public\index.php(44): CodeIgniter\CodeIgniter->run()
#9 C:\xampp\htdocs\pustakabangsa\system\Commands\Server\rewrite.php(45): require_once('C:\\xampp\\htdocs...')
#10 {main}
