CRITICAL - 2021-06-08 02:08:40 --> CodeIgniter\BaseModel::paginate(): Argument #1 ($perPage) must be of type ?int, float given, called in C:\xampp\htdocs\pilotgamingindo\app\Controllers\Chart.php on line 39
#0 C:\xampp\htdocs\pilotgamingindo\app\Controllers\Chart.php(39): CodeIgniter\BaseModel->paginate(1.0E+19, 'chart')
#1 C:\xampp\htdocs\pilotgamingindo\system\CodeIgniter.php(936): App\Controllers\Chart->index()
#2 C:\xampp\htdocs\pilotgamingindo\system\CodeIgniter.php(432): CodeIgniter\CodeIgniter->runController(Object(App\Controllers\Chart))
#3 C:\xampp\htdocs\pilotgamingindo\system\CodeIgniter.php(333): CodeIgniter\CodeIgniter->handleRequest(NULL, Object(Config\Cache), false)
#4 C:\xampp\htdocs\pilotgamingindo\public\index.php(44): CodeIgniter\CodeIgniter->run()
#5 C:\xampp\htdocs\pilotgamingindo\system\Commands\Server\rewrite.php(45): require_once('C:\\xampp\\htdocs...')
#6 {main}
CRITICAL - 2021-06-08 02:20:32 --> Undefined variable $keyword
#0 C:\xampp\htdocs\pilotgamingindo\app\Controllers\Chart.php(31): CodeIgniter\Debug\Exceptions->errorHandler(2, 'Undefined varia...', 'C:\\xampp\\htdocs...', 31)
#1 C:\xampp\htdocs\pilotgamingindo\system\CodeIgniter.php(936): App\Controllers\Chart->index()
#2 C:\xampp\htdocs\pilotgamingindo\system\CodeIgniter.php(432): CodeIgniter\CodeIgniter->runController(Object(App\Controllers\Chart))
#3 C:\xampp\htdocs\pilotgamingindo\system\CodeIgniter.php(333): CodeIgniter\CodeIgniter->handleRequest(NULL, Object(Config\Cache), false)
#4 C:\xampp\htdocs\pilotgamingindo\public\index.php(44): CodeIgniter\CodeIgniter->run()
#5 C:\xampp\htdocs\pilotgamingindo\system\Commands\Server\rewrite.php(45): require_once('C:\\xampp\\htdocs...')
#6 {main}
CRITICAL - 2021-06-08 02:29:29 --> Too few arguments to function App\Controllers\Chart::index(), 0 passed in C:\xampp\htdocs\pilotgamingindo\system\CodeIgniter.php on line 936 and exactly 1 expected
#0 C:\xampp\htdocs\pilotgamingindo\system\CodeIgniter.php(936): App\Controllers\Chart->index()
#1 C:\xampp\htdocs\pilotgamingindo\system\CodeIgniter.php(432): CodeIgniter\CodeIgniter->runController(Object(App\Controllers\Chart))
#2 C:\xampp\htdocs\pilotgamingindo\system\CodeIgniter.php(333): CodeIgniter\CodeIgniter->handleRequest(NULL, Object(Config\Cache), false)
#3 C:\xampp\htdocs\pilotgamingindo\public\index.php(44): CodeIgniter\CodeIgniter->run()
#4 C:\xampp\htdocs\pilotgamingindo\system\Commands\Server\rewrite.php(45): require_once('C:\\xampp\\htdocs...')
#5 {main}
CRITICAL - 2021-06-08 02:29:44 --> Undefined variable $slug
#0 C:\xampp\htdocs\pilotgamingindo\app\Controllers\Chart.php(44): CodeIgniter\Debug\Exceptions->errorHandler(2, 'Undefined varia...', 'C:\\xampp\\htdocs...', 44)
#1 C:\xampp\htdocs\pilotgamingindo\system\CodeIgniter.php(936): App\Controllers\Chart->index()
#2 C:\xampp\htdocs\pilotgamingindo\system\CodeIgniter.php(432): CodeIgniter\CodeIgniter->runController(Object(App\Controllers\Chart))
#3 C:\xampp\htdocs\pilotgamingindo\system\CodeIgniter.php(333): CodeIgniter\CodeIgniter->handleRequest(NULL, Object(Config\Cache), false)
#4 C:\xampp\htdocs\pilotgamingindo\public\index.php(44): CodeIgniter\CodeIgniter->run()
#5 C:\xampp\htdocs\pilotgamingindo\system\Commands\Server\rewrite.php(45): require_once('C:\\xampp\\htdocs...')
#6 {main}
CRITICAL - 2021-06-08 02:32:44 --> Deletes are not allowed unless they contain a "where" or "like" clause.
#0 C:\xampp\htdocs\pilotgamingindo\system\Model.php(422): CodeIgniter\Database\BaseBuilder->delete()
#1 C:\xampp\htdocs\pilotgamingindo\system\BaseModel.php(1009): CodeIgniter\Model->doDelete(NULL, false)
#2 C:\xampp\htdocs\pilotgamingindo\app\Controllers\Chart.php(44): CodeIgniter\BaseModel->delete(NULL)
#3 C:\xampp\htdocs\pilotgamingindo\system\CodeIgniter.php(936): App\Controllers\Chart->index()
#4 C:\xampp\htdocs\pilotgamingindo\system\CodeIgniter.php(432): CodeIgniter\CodeIgniter->runController(Object(App\Controllers\Chart))
#5 C:\xampp\htdocs\pilotgamingindo\system\CodeIgniter.php(333): CodeIgniter\CodeIgniter->handleRequest(NULL, Object(Config\Cache), false)
#6 C:\xampp\htdocs\pilotgamingindo\public\index.php(44): CodeIgniter\CodeIgniter->run()
#7 C:\xampp\htdocs\pilotgamingindo\system\Commands\Server\rewrite.php(45): require_once('C:\\xampp\\htdocs...')
#8 {main}
CRITICAL - 2021-06-08 02:32:57 --> Deletes are not allowed unless they contain a "where" or "like" clause.
#0 C:\xampp\htdocs\pilotgamingindo\system\Model.php(422): CodeIgniter\Database\BaseBuilder->delete()
#1 C:\xampp\htdocs\pilotgamingindo\system\BaseModel.php(1009): CodeIgniter\Model->doDelete(NULL, false)
#2 C:\xampp\htdocs\pilotgamingindo\app\Controllers\Chart.php(44): CodeIgniter\BaseModel->delete(NULL)
#3 C:\xampp\htdocs\pilotgamingindo\system\CodeIgniter.php(936): App\Controllers\Chart->index()
#4 C:\xampp\htdocs\pilotgamingindo\system\CodeIgniter.php(432): CodeIgniter\CodeIgniter->runController(Object(App\Controllers\Chart))
#5 C:\xampp\htdocs\pilotgamingindo\system\CodeIgniter.php(333): CodeIgniter\CodeIgniter->handleRequest(NULL, Object(Config\Cache), false)
#6 C:\xampp\htdocs\pilotgamingindo\public\index.php(44): CodeIgniter\CodeIgniter->run()
#7 C:\xampp\htdocs\pilotgamingindo\system\Commands\Server\rewrite.php(45): require_once('C:\\xampp\\htdocs...')
#8 {main}
CRITICAL - 2021-06-08 02:33:11 --> Call to undefined method App\Models\ChartModel::index
#0 C:\xampp\htdocs\pilotgamingindo\app\Controllers\Chart.php(44): CodeIgniter\Model->__call('index', Array)
#1 C:\xampp\htdocs\pilotgamingindo\system\CodeIgniter.php(936): App\Controllers\Chart->index()
#2 C:\xampp\htdocs\pilotgamingindo\system\CodeIgniter.php(432): CodeIgniter\CodeIgniter->runController(Object(App\Controllers\Chart))
#3 C:\xampp\htdocs\pilotgamingindo\system\CodeIgniter.php(333): CodeIgniter\CodeIgniter->handleRequest(NULL, Object(Config\Cache), false)
#4 C:\xampp\htdocs\pilotgamingindo\public\index.php(44): CodeIgniter\CodeIgniter->run()
#5 C:\xampp\htdocs\pilotgamingindo\system\Commands\Server\rewrite.php(45): require_once('C:\\xampp\\htdocs...')
#6 {main}
CRITICAL - 2021-06-08 02:33:28 --> Call to undefined method App\Models\ChartModel::chart
#0 C:\xampp\htdocs\pilotgamingindo\app\Controllers\Chart.php(44): CodeIgniter\Model->__call('chart', Array)
#1 C:\xampp\htdocs\pilotgamingindo\system\CodeIgniter.php(936): App\Controllers\Chart->index()
#2 C:\xampp\htdocs\pilotgamingindo\system\CodeIgniter.php(432): CodeIgniter\CodeIgniter->runController(Object(App\Controllers\Chart))
#3 C:\xampp\htdocs\pilotgamingindo\system\CodeIgniter.php(333): CodeIgniter\CodeIgniter->handleRequest(NULL, Object(Config\Cache), false)
#4 C:\xampp\htdocs\pilotgamingindo\public\index.php(44): CodeIgniter\CodeIgniter->run()
#5 C:\xampp\htdocs\pilotgamingindo\system\Commands\Server\rewrite.php(45): require_once('C:\\xampp\\htdocs...')
#6 {main}
CRITICAL - 2021-06-08 02:33:39 --> Call to undefined method App\Models\ChartModel::Chart
#0 C:\xampp\htdocs\pilotgamingindo\app\Controllers\Chart.php(44): CodeIgniter\Model->__call('Chart', Array)
#1 C:\xampp\htdocs\pilotgamingindo\system\CodeIgniter.php(936): App\Controllers\Chart->index()
#2 C:\xampp\htdocs\pilotgamingindo\system\CodeIgniter.php(432): CodeIgniter\CodeIgniter->runController(Object(App\Controllers\Chart))
#3 C:\xampp\htdocs\pilotgamingindo\system\CodeIgniter.php(333): CodeIgniter\CodeIgniter->handleRequest(NULL, Object(Config\Cache), false)
#4 C:\xampp\htdocs\pilotgamingindo\public\index.php(44): CodeIgniter\CodeIgniter->run()
#5 C:\xampp\htdocs\pilotgamingindo\system\Commands\Server\rewrite.php(45): require_once('C:\\xampp\\htdocs...')
#6 {main}
CRITICAL - 2021-06-08 02:38:04 --> syntax error, unexpected end of file, expecting "elseif" or "else" or "endif"
#0 C:\xampp\htdocs\pilotgamingindo\system\View\View.php(222): CodeIgniter\View\View->CodeIgniter\View\{closure}()
#1 C:\xampp\htdocs\pilotgamingindo\system\Common.php(1217): CodeIgniter\View\View->render('dashboard/pengg...', Array, true)
#2 C:\xampp\htdocs\pilotgamingindo\app\Controllers\Dashboard.php(39): view('dashboard/pengg...', Array)
#3 C:\xampp\htdocs\pilotgamingindo\system\CodeIgniter.php(936): App\Controllers\Dashboard->pengguna()
#4 C:\xampp\htdocs\pilotgamingindo\system\CodeIgniter.php(432): CodeIgniter\CodeIgniter->runController(Object(App\Controllers\Dashboard))
#5 C:\xampp\htdocs\pilotgamingindo\system\CodeIgniter.php(333): CodeIgniter\CodeIgniter->handleRequest(NULL, Object(Config\Cache), false)
#6 C:\xampp\htdocs\pilotgamingindo\public\index.php(44): CodeIgniter\CodeIgniter->run()
#7 C:\xampp\htdocs\pilotgamingindo\system\Commands\Server\rewrite.php(45): require_once('C:\\xampp\\htdocs...')
#8 {main}
CRITICAL - 2021-06-08 09:14:42 --> Undefined property: stdClass::$role
#0 C:\xampp\htdocs\pilotgamingindo\app\Helpers\sis_helper.php(13): CodeIgniter\Debug\Exceptions->errorHandler(2, 'Undefined prope...', 'C:\\xampp\\htdocs...', 13)
#1 C:\xampp\htdocs\pilotgamingindo\app\Views\dashboard\index.php(1): allow('master')
#2 C:\xampp\htdocs\pilotgamingindo\system\View\View.php(220): include('C:\\xampp\\htdocs...')
#3 C:\xampp\htdocs\pilotgamingindo\system\View\View.php(222): CodeIgniter\View\View->CodeIgniter\View\{closure}()
#4 C:\xampp\htdocs\pilotgamingindo\system\Common.php(1217): CodeIgniter\View\View->render('/dashboard/inde...', Array, true)
#5 C:\xampp\htdocs\pilotgamingindo\app\Controllers\Dashboard.php(72): view('/dashboard/inde...', Array)
#6 C:\xampp\htdocs\pilotgamingindo\system\CodeIgniter.php(936): App\Controllers\Dashboard->index()
#7 C:\xampp\htdocs\pilotgamingindo\system\CodeIgniter.php(432): CodeIgniter\CodeIgniter->runController(Object(App\Controllers\Dashboard))
#8 C:\xampp\htdocs\pilotgamingindo\system\CodeIgniter.php(333): CodeIgniter\CodeIgniter->handleRequest(NULL, Object(Config\Cache), false)
#9 C:\xampp\htdocs\pilotgamingindo\public\index.php(44): CodeIgniter\CodeIgniter->run()
#10 C:\xampp\htdocs\pilotgamingindo\system\Commands\Server\rewrite.php(45): require_once('C:\\xampp\\htdocs...')
#11 {main}
